{"numFailedTestSuites":0,"numFailedTests":0,"numPassedTestSuites":41,"numPassedTests":445,"numPendingTestSuites":0,"numPendingTests":0,"numRuntimeErrorTestSuites":0,"numTodoTests":0,"numTotalTestSuites":41,"numTotalTests":445,"openHandles":[],"snapshot":{"added":0,"didUpdate":false,"failure":false,"filesAdded":0,"filesRemoved":0,"filesRemovedList":[],"filesUnmatched":0,"filesUpdated":0,"matched":0,"total":0,"unchecked":0,"uncheckedKeysByFile":[],"unmatched":0,"updated":0},"startTime":1779986391567,"success":true,"testResults":[{"assertionResults":[{"ancestorTitles":["Dual-Mode Accounting Configuration"],"duration":8,"failing":false,"failureDetails":[],"failureMessages":[],"fullName":"Dual-Mode Accounting Configuration returns SIMPLE by default if accounting_mode is not defined","invocations":1,"location":null,"numPassingAsserts":1,"retryReasons":[],"startAt":1779986393343,"status":"passed","title":"returns SIMPLE by default if accounting_mode is not defined"},{"ancestorTitles":["Dual-Mode Accounting Configuration"],"duration":1,"failing":false,"failureDetails":[],"failureMessages":[],"fullName":"Dual-Mode Accounting Configuration updates accounting_mode successfully for admin user","invocations":1,"location":null,"numPassingAsserts":1,"retryReasons":[],"startAt":1779986393352,"status":"passed","title":"updates accounting_mode successfully for admin user"},{"ancestorTitles":["Dual-Mode Accounting Configuration"],"duration":32,"failing":false,"failureDetails":[],"failureMessages":[],"fullName":"Dual-Mode Accounting Configuration blocks non-admin users from changing accounting mode","invocations":1,"location":null,"numPassingAsserts":1,"retryReasons":[],"startAt":1779986393353,"status":"passed","title":"blocks non-admin users from changing accounting mode"},{"ancestorTitles":["Legacy Syncing Engine"],"duration":4,"failing":false,"failureDetails":[],"failureMessages":[],"fullName":"Legacy Syncing Engine syncs legacy data to ledger idempotent-safely and upgrades tenant to PROFESSIONAL","invocations":1,"location":null,"numPassingAsserts":3,"retryReasons":[],"startAt":1779986393386,"status":"passed","title":"syncs legacy data to ledger idempotent-safely and upgrades tenant to PROFESSIONAL"},{"ancestorTitles":["Application Layer protection"],"duration":8,"failing":false,"failureDetails":[],"failureMessages":[],"fullName":"Application Layer protection blocks manually recordTransaction if mode is PROFESSIONAL","invocations":1,"location":null,"numPassingAsserts":1,"retryReasons":[],"startAt":1779986393390,"status":"passed","title":"blocks manually recordTransaction if mode is PROFESSIONAL"},{"ancestorTitles":["Application Layer protection"],"duration":2,"failing":false,"failureDetails":[],"failureMessages":[],"fullName":"Application Layer protection blocks manually confirmTransaction if mode is PROFESSIONAL","invocations":1,"location":null,"numPassingAsserts":1,"retryReasons":[],"startAt":1779986393398,"status":"passed","title":"blocks manually confirmTransaction if mode is PROFESSIONAL"}],"endTime":1779986393402,"message":"","name":"D:\\Antigravity\\Projects\\BELLA SPA ERP\\src\\__tests__\\dual-mode-accounting.test.ts","startTime":1779986392483,"status":"passed","summary":""},{"assertionResults":[{"ancestorTitles":["Accounting Outbox Worker API","Authentication Guard"],"duration":55,"failing":false,"failureDetails":[],"failureMessages":[],"fullName":"Accounting Outbox Worker API Authentication Guard returns 401 Unauthorized if Authorization header is missing","invocations":1,"location":null,"numPassingAsserts":3,"retryReasons":[],"startAt":1779986393371,"status":"passed","title":"returns 401 Unauthorized if Authorization header is missing"},{"ancestorTitles":["Accounting Outbox Worker API","Authentication Guard"],"duration":3,"failing":false,"failureDetails":[],"failureMessages":[],"fullName":"Accounting Outbox Worker API Authentication Guard returns 401 Unauthorized if Authorization token does not match CRON_SECRET","invocations":1,"location":null,"numPassingAsserts":2,"retryReasons":[],"startAt":1779986393429,"status":"passed","title":"returns 401 Unauthorized if Authorization token does not match CRON_SECRET"},{"ancestorTitles":["Accounting Outbox Worker API","Authentication Guard"],"duration":16,"failing":false,"failureDetails":[],"failureMessages":[],"fullName":"Accounting Outbox Worker API Authentication Guard proceeds if Authorization token matches CRON_SECRET","invocations":1,"location":null,"numPassingAsserts":3,"retryReasons":[],"startAt":1779986393432,"status":"passed","title":"proceeds if Authorization token matches CRON_SECRET"},{"ancestorTitles":["Accounting Outbox Worker API","Batch Event Processing & Routing"],"duration":16,"failing":false,"failureDetails":[],"failureMessages":[],"fullName":"Accounting Outbox Worker API Batch Event Processing & Routing claims pending outbox events, routes them to correct handlers, and completes them","invocations":1,"location":null,"numPassingAsserts":10,"retryReasons":[],"startAt":1779986393448,"status":"passed","title":"claims pending outbox events, routes them to correct handlers, and completes them"},{"ancestorTitles":["Accounting Outbox Worker API","Batch Event Processing & Routing"],"duration":12,"failing":false,"failureDetails":[],"failureMessages":[],"fullName":"Accounting Outbox Worker API Batch Event Processing & Routing handles other event types: EXPENSE_RECORDED, SALARY_PAID, INVENTORY_CONSUMED, REFUND_ISSUED","invocations":1,"location":null,"numPassingAsserts":6,"retryReasons":[],"startAt":1779986393465,"status":"passed","title":"handles other event types: EXPENSE_RECORDED, SALARY_PAID, INVENTORY_CONSUMED, REFUND_ISSUED"},{"ancestorTitles":["Accounting Outbox Worker API","Error Handling & Backoff Retries"],"duration":33,"failing":false,"failureDetails":[],"failureMessages":[],"fullName":"Accounting Outbox Worker API Error Handling & Backoff Retries captures processing errors, increments retry count, and calls mark_outbox_failed","invocations":1,"location":null,"numPassingAsserts":4,"retryReasons":[],"startAt":1779986393478,"status":"passed","title":"captures processing errors, increments retry count, and calls mark_outbox_failed"}],"endTime":1779986393515,"message":"","name":"D:\\Antigravity\\Projects\\BELLA SPA ERP\\src\\__tests__\\accounting-outbox.test.ts","startTime":1779986392456,"status":"passed","summary":""},{"assertionResults":[{"ancestorTitles":["Inter-Branch Clearing System","getInterBranchClearingRecords"],"duration":11,"failing":false,"failureDetails":[],"failureMessages":[],"fullName":"Inter-Branch Clearing System getInterBranchClearingRecords should return all inter-branch clearing records for HQ Admin","invocations":1,"location":null,"numPassingAsserts":2,"retryReasons":[],"startAt":1779986393386,"status":"passed","title":"should return all inter-branch clearing records for HQ Admin"},{"ancestorTitles":["Inter-Branch Clearing System","getInterBranchClearingRecords"],"duration":2,"failing":false,"failureDetails":[],"failureMessages":[],"fullName":"Inter-Branch Clearing System getInterBranchClearingRecords should enforce role-based isolation / tenant filtration for Branch Admin","invocations":1,"location":null,"numPassingAsserts":2,"retryReasons":[],"startAt":1779986393398,"status":"passed","title":"should enforce role-based isolation / tenant filtration for Branch Admin"},{"ancestorTitles":["Inter-Branch Clearing System","getInterBranchClearingRecords"],"duration":50,"failing":false,"failureDetails":[],"failureMessages":[],"fullName":"Inter-Branch Clearing System getInterBranchClearingRecords should return empty list if user is not logged in","invocations":1,"location":null,"numPassingAsserts":1,"retryReasons":[],"startAt":1779986393400,"status":"passed","title":"should return empty list if user is not logged in"},{"ancestorTitles":["Inter-Branch Clearing System","clearInterBranchRecord"],"duration":57,"failing":false,"failureDetails":[],"failureMessages":[],"fullName":"Inter-Branch Clearing System clearInterBranchRecord should allow HQ Admin to clear/gạch nợ any record","invocations":1,"location":null,"numPassingAsserts":2,"retryReasons":[],"startAt":1779986393450,"status":"passed","title":"should allow HQ Admin to clear/gạch nợ any record"},{"ancestorTitles":["Inter-Branch Clearing System","clearInterBranchRecord"],"duration":2,"failing":false,"failureDetails":[],"failureMessages":[],"fullName":"Inter-Branch Clearing System clearInterBranchRecord should allow Debtor Admin to clear/gạch nợ their own payable record","invocations":1,"location":null,"numPassingAsserts":2,"retryReasons":[],"startAt":1779986393507,"status":"passed","title":"should allow Debtor Admin to clear/gạch nợ their own payable record"},{"ancestorTitles":["Inter-Branch Clearing System","clearInterBranchRecord"],"duration":3,"failing":false,"failureDetails":[],"failureMessages":[],"fullName":"Inter-Branch Clearing System clearInterBranchRecord should allow Creditor Admin to clear/gạch nợ their own receivable record","invocations":1,"location":null,"numPassingAsserts":2,"retryReasons":[],"startAt":1779986393509,"status":"passed","title":"should allow Creditor Admin to clear/gạch nợ their own receivable record"},{"ancestorTitles":["Inter-Branch Clearing System","clearInterBranchRecord"],"duration":2,"failing":false,"failureDetails":[],"failureMessages":[],"fullName":"Inter-Branch Clearing System clearInterBranchRecord should block and reject branch admins from other unrelated tenants","invocations":1,"location":null,"numPassingAsserts":3,"retryReasons":[],"startAt":1779986393512,"status":"passed","title":"should block and reject branch admins from other unrelated tenants"},{"ancestorTitles":["Inter-Branch Clearing System","updateTenantClearingRate"],"duration":2,"failing":false,"failureDetails":[],"failureMessages":[],"fullName":"Inter-Branch Clearing System updateTenantClearingRate should allow HQ Admin to update any branch clearing rate","invocations":1,"location":null,"numPassingAsserts":2,"retryReasons":[],"startAt":1779986393514,"status":"passed","title":"should allow HQ Admin to update any branch clearing rate"},{"ancestorTitles":["Inter-Branch Clearing System","updateTenantClearingRate"],"duration":1,"failing":false,"failureDetails":[],"failureMessages":[],"fullName":"Inter-Branch Clearing System updateTenantClearingRate should block non-HQ Admin from updating internal clearing rates","invocations":1,"location":null,"numPassingAsserts":3,"retryReasons":[],"startAt":1779986393517,"status":"passed","title":"should block non-HQ Admin from updating internal clearing rates"},{"ancestorTitles":["Inter-Branch Clearing System","simulateInterBranchClearing"],"duration":2,"failing":false,"failureDetails":[],"failureMessages":[],"fullName":"Inter-Branch Clearing System simulateInterBranchClearing should call clearInterBranchRecord with VietQR Sandbox payment method","invocations":1,"location":null,"numPassingAsserts":2,"retryReasons":[],"startAt":1779986393518,"status":"passed","title":"should call clearInterBranchRecord with VietQR Sandbox payment method"},{"ancestorTitles":["Inter-Branch Clearing System","lockMonth Inter-Branch Redemption Integration"],"duration":4,"failing":false,"failureDetails":[],"failureMessages":[],"fullName":"Inter-Branch Clearing System lockMonth Inter-Branch Redemption Integration should calculate inter-branch session logs and insert pending clearing record","invocations":1,"location":null,"numPassingAsserts":2,"retryReasons":[],"startAt":1779986393521,"status":"passed","title":"should calculate inter-branch session logs and insert pending clearing record"},{"ancestorTitles":["Inter-Branch Clearing System","lockMonth Inter-Branch Redemption Integration"],"duration":4,"failing":false,"failureDetails":[],"failureMessages":[],"fullName":"Inter-Branch Clearing System lockMonth Inter-Branch Redemption Integration should upsert (update) existing pending clearing record if not paid yet","invocations":1,"location":null,"numPassingAsserts":3,"retryReasons":[],"startAt":1779986393525,"status":"passed","title":"should upsert (update) existing pending clearing record if not paid yet"},{"ancestorTitles":["Inter-Branch Clearing System","lockMonth Inter-Branch Redemption Integration"],"duration":7,"failing":false,"failureDetails":[],"failureMessages":[],"fullName":"Inter-Branch Clearing System lockMonth Inter-Branch Redemption Integration should NOT overwrite existing clearing record if it is already cleared/paid","invocations":1,"location":null,"numPassingAsserts":3,"retryReasons":[],"startAt":1779986393529,"status":"passed","title":"should NOT overwrite existing clearing record if it is already cleared/paid"}],"endTime":1779986393539,"message":"","name":"D:\\Antigravity\\Projects\\BELLA SPA ERP\\src\\__tests__\\inter-branch-clearing.test.ts","startTime":1779986392509,"status":"passed","summary":""},{"assertionResults":[{"ancestorTitles":["Franchise Royalty System","getFranchiseRoyaltyInvoices"],"duration":10,"failing":false,"failureDetails":[],"failureMessages":[],"fullName":"Franchise Royalty System getFranchiseRoyaltyInvoices should return all royalty invoices for HQ Admin (no tenant isolation)","invocations":1,"location":null,"numPassingAsserts":2,"retryReasons":[],"startAt":1779986393388,"status":"passed","title":"should return all royalty invoices for HQ Admin (no tenant isolation)"},{"ancestorTitles":["Franchise Royalty System","getFranchiseRoyaltyInvoices"],"duration":2,"failing":false,"failureDetails":[],"failureMessages":[],"fullName":"Franchise Royalty System getFranchiseRoyaltyInvoices should filter by tenant_id for Branch Admin (tenant isolation enforced)","invocations":1,"location":null,"numPassingAsserts":2,"retryReasons":[],"startAt":1779986393399,"status":"passed","title":"should filter by tenant_id for Branch Admin (tenant isolation enforced)"},{"ancestorTitles":["Franchise Royalty System","getFranchiseRoyaltyInvoices"],"duration":45,"failing":false,"failureDetails":[],"failureMessages":[],"fullName":"Franchise Royalty System getFranchiseRoyaltyInvoices should return an empty array if the user is not logged in","invocations":1,"location":null,"numPassingAsserts":1,"retryReasons":[],"startAt":1779986393401,"status":"passed","title":"should return an empty array if the user is not logged in"},{"ancestorTitles":["Franchise Royalty System","payFranchiseRoyaltyInvoice"],"duration":58,"failing":false,"failureDetails":[],"failureMessages":[],"fullName":"Franchise Royalty System payFranchiseRoyaltyInvoice should allow gạch nợ payment if user is HQ Admin","invocations":1,"location":null,"numPassingAsserts":2,"retryReasons":[],"startAt":1779986393446,"status":"passed","title":"should allow gạch nợ payment if user is HQ Admin"},{"ancestorTitles":["Franchise Royalty System","payFranchiseRoyaltyInvoice"],"duration":2,"failing":false,"failureDetails":[],"failureMessages":[],"fullName":"Franchise Royalty System payFranchiseRoyaltyInvoice should allow payment if user is Branch Admin of the same tenant","invocations":1,"location":null,"numPassingAsserts":2,"retryReasons":[],"startAt":1779986393505,"status":"passed","title":"should allow payment if user is Branch Admin of the same tenant"},{"ancestorTitles":["Franchise Royalty System","payFranchiseRoyaltyInvoice"],"duration":3,"failing":false,"failureDetails":[],"failureMessages":[],"fullName":"Franchise Royalty System payFranchiseRoyaltyInvoice should block payment and enforce tenant isolation if user is Branch Admin of a DIFFERENT tenant","invocations":1,"location":null,"numPassingAsserts":3,"retryReasons":[],"startAt":1779986393507,"status":"passed","title":"should block payment and enforce tenant isolation if user is Branch Admin of a DIFFERENT tenant"},{"ancestorTitles":["Franchise Royalty System","updateFranchiseRoyaltyConfig"],"duration":3,"failing":false,"failureDetails":[],"failureMessages":[],"fullName":"Franchise Royalty System updateFranchiseRoyaltyConfig should allow HQ Admin to update branch royalty configs","invocations":1,"location":null,"numPassingAsserts":2,"retryReasons":[],"startAt":1779986393511,"status":"passed","title":"should allow HQ Admin to update branch royalty configs"},{"ancestorTitles":["Franchise Royalty System","updateFranchiseRoyaltyConfig"],"duration":2,"failing":false,"failureDetails":[],"failureMessages":[],"fullName":"Franchise Royalty System updateFranchiseRoyaltyConfig should block non-HQ Admin from updating configs","invocations":1,"location":null,"numPassingAsserts":3,"retryReasons":[],"startAt":1779986393514,"status":"passed","title":"should block non-HQ Admin from updating configs"},{"ancestorTitles":["Franchise Royalty System","simulateFranchiseRoyaltyPayment"],"duration":2,"failing":false,"failureDetails":[],"failureMessages":[],"fullName":"Franchise Royalty System simulateFranchiseRoyaltyPayment should call payFranchiseRoyaltyInvoice with VietQR Sandbox","invocations":1,"location":null,"numPassingAsserts":2,"retryReasons":[],"startAt":1779986393517,"status":"passed","title":"should call payFranchiseRoyaltyInvoice with VietQR Sandbox"},{"ancestorTitles":["Franchise Royalty System","lockMonth Royalty Integration"],"duration":4,"failing":false,"failureDetails":[],"failureMessages":[],"fullName":"Franchise Royalty System lockMonth Royalty Integration should calculate royalty based on percentage config and insert pending invoice","invocations":1,"location":null,"numPassingAsserts":2,"retryReasons":[],"startAt":1779986393519,"status":"passed","title":"should calculate royalty based on percentage config and insert pending invoice"},{"ancestorTitles":["Franchise Royalty System","lockMonth Royalty Integration"],"duration":3,"failing":false,"failureDetails":[],"failureMessages":[],"fullName":"Franchise Royalty System lockMonth Royalty Integration should calculate royalty based on fixed config and insert pending invoice","invocations":1,"location":null,"numPassingAsserts":2,"retryReasons":[],"startAt":1779986393523,"status":"passed","title":"should calculate royalty based on fixed config and insert pending invoice"},{"ancestorTitles":["Franchise Royalty System","lockMonth Royalty Integration"],"duration":4,"failing":false,"failureDetails":[],"failureMessages":[],"fullName":"Franchise Royalty System lockMonth Royalty Integration should upsert (update) existing pending invoice if not paid yet","invocations":1,"location":null,"numPassingAsserts":3,"retryReasons":[],"startAt":1779986393528,"status":"passed","title":"should upsert (update) existing pending invoice if not paid yet"},{"ancestorTitles":["Franchise Royalty System","lockMonth Royalty Integration"],"duration":2,"failing":false,"failureDetails":[],"failureMessages":[],"fullName":"Franchise Royalty System lockMonth Royalty Integration should NOT overwrite existing invoice if it has already been paid","invocations":1,"location":null,"numPassingAsserts":3,"retryReasons":[],"startAt":1779986393532,"status":"passed","title":"should NOT overwrite existing invoice if it has already been paid"}],"endTime":1779986393537,"message":"","name":"D:\\Antigravity\\Projects\\BELLA SPA ERP\\src\\__tests__\\franchise-royalty.test.ts","startTime":1779986392470,"status":"passed","summary":""},{"assertionResults":[{"ancestorTitles":["AI COO Orchestrator Security & RBAC Guard"],"duration":66,"failing":false,"failureDetails":[],"failureMessages":[],"fullName":"AI COO Orchestrator Security & RBAC Guard allows admin user to call orchestrator","invocations":1,"location":null,"numPassingAsserts":2,"retryReasons":[],"startAt":1779986393400,"status":"passed","title":"allows admin user to call orchestrator"},{"ancestorTitles":["AI COO Orchestrator Security & RBAC Guard"],"duration":5,"failing":false,"failureDetails":[],"failureMessages":[],"fullName":"AI COO Orchestrator Security & RBAC Guard allows accountant user to call orchestrator","invocations":1,"location":null,"numPassingAsserts":1,"retryReasons":[],"startAt":1779986393467,"status":"passed","title":"allows accountant user to call orchestrator"},{"ancestorTitles":["AI COO Orchestrator Security & RBAC Guard"],"duration":12,"failing":false,"failureDetails":[],"failureMessages":[],"fullName":"AI COO Orchestrator Security & RBAC Guard blocks and rejects KTV user (non-admin)","invocations":1,"location":null,"numPassingAsserts":2,"retryReasons":[],"startAt":1779986393473,"status":"passed","title":"blocks and rejects KTV user (non-admin)"},{"ancestorTitles":["AI COO Orchestrator Routing & RPC execution"],"duration":77,"failing":false,"failureDetails":[],"failureMessages":[],"fullName":"AI COO Orchestrator Routing & RPC execution routes human-resource command to CHRO agent and calls salary and attendance RPCs","invocations":1,"location":null,"numPassingAsserts":9,"retryReasons":[],"startAt":1779986393485,"status":"passed","title":"routes human-resource command to CHRO agent and calls salary and attendance RPCs"},{"ancestorTitles":["AI COO Orchestrator Routing & RPC execution"],"duration":6,"failing":false,"failureDetails":[],"failureMessages":[],"fullName":"AI COO Orchestrator Routing & RPC execution routes accounting command to CFO agent and calls trial balance RPC","invocations":1,"location":null,"numPassingAsserts":3,"retryReasons":[],"startAt":1779986393563,"status":"passed","title":"routes accounting command to CFO agent and calls trial balance RPC"},{"ancestorTitles":["AI COO Orchestrator Error propagation (Zero Silent DB Failures)"],"duration":4,"failing":false,"failureDetails":[],"failureMessages":[],"fullName":"AI COO Orchestrator Error propagation (Zero Silent DB Failures) propagates database RPC error immediately without swallowing it","invocations":1,"location":null,"numPassingAsserts":3,"retryReasons":[],"startAt":1779986393570,"status":"passed","title":"propagates database RPC error immediately without swallowing it"},{"ancestorTitles":["AI Action Approval Security & Side-Effects"],"duration":5,"failing":false,"failureDetails":[],"failureMessages":[],"fullName":"AI Action Approval Security & Side-Effects restricts action approval to admin & accountant only","invocations":1,"location":null,"numPassingAsserts":2,"retryReasons":[],"startAt":1779986393574,"status":"passed","title":"restricts action approval to admin & accountant only"},{"ancestorTitles":["AI Action Approval Security & Side-Effects"],"duration":3,"failing":false,"failureDetails":[],"failureMessages":[],"fullName":"AI Action Approval Security & Side-Effects inserts system notification and writes audit log upon approval","invocations":1,"location":null,"numPassingAsserts":3,"retryReasons":[],"startAt":1779986393579,"status":"passed","title":"inserts system notification and writes audit log upon approval"}],"endTime":1779986393584,"message":"","name":"D:\\Antigravity\\Projects\\BELLA SPA ERP\\src\\__tests__\\ai-agent.test.ts","startTime":1779986392449,"status":"passed","summary":""},{"assertionResults":[{"ancestorTitles":["Row-Level Security (RLS) & Tenant Isolation Compliance Suite","Tenant Boundary Isolation (Defense-in-depth)"],"duration":23,"failing":false,"failureDetails":[],"failureMessages":[],"fullName":"Row-Level Security (RLS) & Tenant Isolation Compliance Suite Tenant Boundary Isolation (Defense-in-depth) asserts Tenant A Admin can read bookings (PostgreSQL RLS will filter by Tenant A)","invocations":1,"location":null,"numPassingAsserts":3,"retryReasons":[],"startAt":1779986393462,"status":"passed","title":"asserts Tenant A Admin can read bookings (PostgreSQL RLS will filter by Tenant A)"},{"ancestorTitles":["Row-Level Security (RLS) & Tenant Isolation Compliance Suite","Tenant Boundary Isolation (Defense-in-depth)"],"duration":1,"failing":false,"failureDetails":[],"failureMessages":[],"fullName":"Row-Level Security (RLS) & Tenant Isolation Compliance Suite Tenant Boundary Isolation (Defense-in-depth) proves Tenant B KTV is strictly blocked from reading Tenant A bookings","invocations":1,"location":null,"numPassingAsserts":1,"retryReasons":[],"startAt":1779986393486,"status":"passed","title":"proves Tenant B KTV is strictly blocked from reading Tenant A bookings"},{"ancestorTitles":["Row-Level Security (RLS) & Tenant Isolation Compliance Suite","KTV Attendance Isolation & Granularity"],"duration":56,"failing":false,"failureDetails":[],"failureMessages":[],"fullName":"Row-Level Security (RLS) & Tenant Isolation Compliance Suite KTV Attendance Isolation & Granularity guarantees KTV queries filter by their own KTV User ID at the application layer","invocations":1,"location":null,"numPassingAsserts":1,"retryReasons":[],"startAt":1779986393487,"status":"passed","title":"guarantees KTV queries filter by their own KTV User ID at the application layer"},{"ancestorTitles":["Row-Level Security (RLS) & Tenant Isolation Compliance Suite","KTV Attendance Isolation & Granularity"],"duration":2,"failing":false,"failureDetails":[],"failureMessages":[],"fullName":"Row-Level Security (RLS) & Tenant Isolation Compliance Suite KTV Attendance Isolation & Granularity denies attendance queries for non-KTV roles","invocations":1,"location":null,"numPassingAsserts":2,"retryReasons":[],"startAt":1779986393543,"status":"passed","title":"denies attendance queries for non-KTV roles"},{"ancestorTitles":["Row-Level Security (RLS) & Tenant Isolation Compliance Suite","KTV Attendance Isolation & Granularity"],"duration":4,"failing":false,"failureDetails":[],"failureMessages":[],"fullName":"Row-Level Security (RLS) & Tenant Isolation Compliance Suite KTV Attendance Isolation & Granularity requires valid tenant_id and ktv_id upon check-in insertion","invocations":1,"location":null,"numPassingAsserts":1,"retryReasons":[],"startAt":1779986393545,"status":"passed","title":"requires valid tenant_id and ktv_id upon check-in insertion"},{"ancestorTitles":["Row-Level Security (RLS) & Tenant Isolation Compliance Suite","Suspended Tenants Blocking"],"duration":32,"failing":false,"failureDetails":[],"failureMessages":[],"fullName":"Row-Level Security (RLS) & Tenant Isolation Compliance Suite Suspended Tenants Blocking blocks suspended tenants from accessing getCurrentUser profile details","invocations":1,"location":null,"numPassingAsserts":2,"retryReasons":[],"startAt":1779986393550,"status":"passed","title":"blocks suspended tenants from accessing getCurrentUser profile details"}],"endTime":1779986393588,"message":"","name":"D:\\Antigravity\\Projects\\BELLA SPA ERP\\src\\__tests__\\rls-compliance.test.ts","startTime":1779986392433,"status":"passed","summary":""},{"assertionResults":[{"ancestorTitles":["calcProRataBaseSalary"],"duration":14,"failing":false,"failureDetails":[],"failureMessages":[],"fullName":"calcProRataBaseSalary should calculate pro-rata salary correctly for a resignation mid-month (31 days)","invocations":1,"location":null,"numPassingAsserts":1,"retryReasons":[],"startAt":1779986393563,"status":"passed","title":"should calculate pro-rata salary correctly for a resignation mid-month (31 days)"},{"ancestorTitles":["calcProRataBaseSalary"],"duration":3,"failing":false,"failureDetails":[],"failureMessages":[],"fullName":"calcProRataBaseSalary should calculate full salary if resignation is at the end of the month (28 days in Feb)","invocations":1,"location":null,"numPassingAsserts":1,"retryReasons":[],"startAt":1779986393578,"status":"passed","title":"should calculate full salary if resignation is at the end of the month (28 days in Feb)"},{"ancestorTitles":["calcProRataBaseSalary"],"duration":2,"failing":false,"failureDetails":[],"failureMessages":[],"fullName":"calcProRataBaseSalary should return 0 if resignation date is before the start of the month","invocations":1,"location":null,"numPassingAsserts":1,"retryReasons":[],"startAt":1779986393583,"status":"passed","title":"should return 0 if resignation date is before the start of the month"}],"endTime":1779986393589,"message":"","name":"D:\\Antigravity\\Projects\\BELLA SPA ERP\\src\\__tests__\\salary.test.ts","startTime":1779986392411,"status":"passed","summary":""},{"assertionResults":[{"ancestorTitles":["End-to-End Business Pipeline Integration Suite"],"duration":190,"failing":false,"failureDetails":[],"failureMessages":[],"fullName":"End-to-End Business Pipeline Integration Suite verifies the absolute full booking-to-salary business pipeline flow","invocations":1,"location":null,"numPassingAsserts":46,"retryReasons":[],"startAt":1779986393404,"status":"passed","title":"verifies the absolute full booking-to-salary business pipeline flow"}],"endTime":1779986393598,"message":"","name":"D:\\Antigravity\\Projects\\BELLA SPA ERP\\src\\__tests__\\e2e-pipeline.test.ts","startTime":1779986392377,"status":"passed","summary":""},{"assertionResults":[{"ancestorTitles":["E2E Negative Business Pipeline Suite"],"duration":111,"failing":false,"failureDetails":[],"failureMessages":[],"fullName":"E2E Negative Business Pipeline Suite Lỗi Xuyên Suốt Luồng 1: Hủy booking giữa chừng, KTV không thể ấn hoàn thành dịch vụ","invocations":1,"location":null,"numPassingAsserts":2,"retryReasons":[],"startAt":1779986393407,"status":"passed","title":"Lỗi Xuyên Suốt Luồng 1: Hủy booking giữa chừng, KTV không thể ấn hoàn thành dịch vụ"},{"ancestorTitles":["E2E Negative Business Pipeline Suite"],"duration":102,"failing":false,"failureDetails":[],"failureMessages":[],"fullName":"E2E Negative Business Pipeline Suite Lỗi Xuyên Suốt Luồng 2: Thanh toán vượt quá số tiền của gói (Overpayment)","invocations":1,"location":null,"numPassingAsserts":3,"retryReasons":[],"startAt":1779986393519,"status":"passed","title":"Lỗi Xuyên Suốt Luồng 2: Thanh toán vượt quá số tiền của gói (Overpayment)"},{"ancestorTitles":["E2E Negative Business Pipeline Suite"],"duration":50,"failing":false,"failureDetails":[],"failureMessages":[],"fullName":"E2E Negative Business Pipeline Suite Lỗi Xuyên Suốt Luồng 3: Kho hết nguyên liệu nhưng KTV vẫn cố tình hoàn thành dịch vụ","invocations":1,"location":null,"numPassingAsserts":2,"retryReasons":[],"startAt":1779986393621,"status":"passed","title":"Lỗi Xuyên Suốt Luồng 3: Kho hết nguyên liệu nhưng KTV vẫn cố tình hoàn thành dịch vụ"},{"ancestorTitles":["E2E Negative Business Pipeline Suite"],"duration":7,"failing":false,"failureDetails":[],"failureMessages":[],"fullName":"E2E Negative Business Pipeline Suite Lỗi Xuyên Suốt Luồng 5: Thay đổi lương cứng trái phép (Salary Tampering)","invocations":1,"location":null,"numPassingAsserts":2,"retryReasons":[],"startAt":1779986393671,"status":"passed","title":"Lỗi Xuyên Suốt Luồng 5: Thay đổi lương cứng trái phép (Salary Tampering)"},{"ancestorTitles":["E2E Negative Business Pipeline Suite"],"duration":2,"failing":false,"failureDetails":[],"failureMessages":[],"fullName":"E2E Negative Business Pipeline Suite Lỗi Xuyên Suốt Luồng 4: Kỳ kế toán đã chốt sổ (Locked Month), kế toán cố tình sửa doanh thu","invocations":1,"location":null,"numPassingAsserts":2,"retryReasons":[],"startAt":1779986393678,"status":"passed","title":"Lỗi Xuyên Suốt Luồng 4: Kỳ kế toán đã chốt sổ (Locked Month), kế toán cố tình sửa doanh thu"},{"ancestorTitles":["E2E Negative Business Pipeline Suite"],"duration":0,"failing":false,"failureDetails":[],"failureMessages":[],"fullName":"E2E Negative Business Pipeline Suite Lỗi Xuyên Suốt Luồng 5: Sửa tay dữ liệu lương KTV (Audit chặn)","invocations":1,"location":null,"numPassingAsserts":2,"retryReasons":[],"startAt":1779986393681,"status":"passed","title":"Lỗi Xuyên Suốt Luồng 5: Sửa tay dữ liệu lương KTV (Audit chặn)"},{"ancestorTitles":["E2E Negative Business Pipeline Suite"],"duration":1,"failing":false,"failureDetails":[],"failureMessages":[],"fullName":"E2E Negative Business Pipeline Suite Lỗi Xuyên Suốt Luồng 6: Thanh toán với số tiền = 0","invocations":1,"location":null,"numPassingAsserts":2,"retryReasons":[],"startAt":1779986393682,"status":"passed","title":"Lỗi Xuyên Suốt Luồng 6: Thanh toán với số tiền = 0"},{"ancestorTitles":["E2E Negative Business Pipeline Suite"],"duration":3,"failing":false,"failureDetails":[],"failureMessages":[],"fullName":"E2E Negative Business Pipeline Suite Lỗi Xuyên Suốt Luồng 7: Payload booking thiếu trường bắt buộc","invocations":1,"location":null,"numPassingAsserts":2,"retryReasons":[],"startAt":1779986393683,"status":"passed","title":"Lỗi Xuyên Suốt Luồng 7: Payload booking thiếu trường bắt buộc"}],"endTime":1779986393688,"message":"","name":"D:\\Antigravity\\Projects\\BELLA SPA ERP\\src\\__tests__\\e2e-negative-pipeline.test.ts","startTime":1779986392399,"status":"passed","summary":""},{"assertionResults":[{"ancestorTitles":["getCashFlowStatementReport"],"duration":13,"failing":false,"failureDetails":[],"failureMessages":[],"fullName":"getCashFlowStatementReport returns the first row from get_cash_flow_statement RPC for authed user","invocations":1,"location":null,"numPassingAsserts":2,"retryReasons":[],"startAt":1779986393591,"status":"passed","title":"returns the first row from get_cash_flow_statement RPC for authed user"},{"ancestorTitles":["getCashFlowStatementReport"],"duration":1,"failing":false,"failureDetails":[],"failureMessages":[],"fullName":"getCashFlowStatementReport returns null when RPC returns empty array","invocations":1,"location":null,"numPassingAsserts":1,"retryReasons":[],"startAt":1779986393605,"status":"passed","title":"returns null when RPC returns empty array"},{"ancestorTitles":["getCashFlowStatementReport"],"duration":71,"failing":false,"failureDetails":[],"failureMessages":[],"fullName":"getCashFlowStatementReport rejects users without tenant_id","invocations":1,"location":null,"numPassingAsserts":2,"retryReasons":[],"startAt":1779986393606,"status":"passed","title":"rejects users without tenant_id"},{"ancestorTitles":["getCashFlowStatementReport"],"duration":2,"failing":false,"failureDetails":[],"failureMessages":[],"fullName":"getCashFlowStatementReport propagates RPC errors","invocations":1,"location":null,"numPassingAsserts":1,"retryReasons":[],"startAt":1779986393677,"status":"passed","title":"propagates RPC errors"},{"ancestorTitles":["exportAccountingReportToExcel (cash_flow)"],"duration":63,"failing":false,"failureDetails":[],"failureMessages":[],"fullName":"exportAccountingReportToExcel (cash_flow) produces a non-empty base64 Excel file for Cash Flow Statement","invocations":1,"location":null,"numPassingAsserts":3,"retryReasons":[],"startAt":1779986393679,"status":"passed","title":"produces a non-empty base64 Excel file for Cash Flow Statement"},{"ancestorTitles":["exportAccountingReportToExcel (cash_flow)"],"duration":6,"failing":false,"failureDetails":[],"failureMessages":[],"fullName":"exportAccountingReportToExcel (cash_flow) handles null/missing fields gracefully","invocations":1,"location":null,"numPassingAsserts":2,"retryReasons":[],"startAt":1779986393742,"status":"passed","title":"handles null/missing fields gracefully"},{"ancestorTitles":["exportAccountingReportToExcel (cash_flow)"],"duration":5,"failing":false,"failureDetails":[],"failureMessages":[],"fullName":"exportAccountingReportToExcel (cash_flow) includes verification warning row when diff > 1","invocations":1,"location":null,"numPassingAsserts":2,"retryReasons":[],"startAt":1779986393748,"status":"passed","title":"includes verification warning row when diff > 1"}],"endTime":1779986393755,"message":"","name":"D:\\Antigravity\\Projects\\BELLA SPA ERP\\src\\__tests__\\cash-flow.test.ts","startTime":1779986392372,"status":"passed","summary":""},{"assertionResults":[{"ancestorTitles":["Subscription Constraints & Webhook Suite","checkSubscriptionLimit (Active Limits Boundary Checker)"],"duration":3,"failing":false,"failureDetails":[],"failureMessages":[],"fullName":"Subscription Constraints & Webhook Suite checkSubscriptionLimit (Active Limits Boundary Checker) should allow KTV creation if within basic tier limits (max: 3)","invocations":1,"location":null,"numPassingAsserts":3,"retryReasons":[],"startAt":1779986393893,"status":"passed","title":"should allow KTV creation if within basic tier limits (max: 3)"},{"ancestorTitles":["Subscription Constraints & Webhook Suite","checkSubscriptionLimit (Active Limits Boundary Checker)"],"duration":1,"failing":false,"failureDetails":[],"failureMessages":[],"fullName":"Subscription Constraints & Webhook Suite checkSubscriptionLimit (Active Limits Boundary Checker) should block KTV creation if basic tier limits are exceeded (max: 3)","invocations":1,"location":null,"numPassingAsserts":2,"retryReasons":[],"startAt":1779986393897,"status":"passed","title":"should block KTV creation if basic tier limits are exceeded (max: 3)"},{"ancestorTitles":["Subscription Constraints & Webhook Suite","checkSubscriptionLimit (Active Limits Boundary Checker)"],"duration":29,"failing":false,"failureDetails":[],"failureMessages":[],"fullName":"Subscription Constraints & Webhook Suite checkSubscriptionLimit (Active Limits Boundary Checker) should block active resources if subscription has expired","invocations":1,"location":null,"numPassingAsserts":2,"retryReasons":[],"startAt":1779986393898,"status":"passed","title":"should block active resources if subscription has expired"},{"ancestorTitles":["Subscription Constraints & Webhook Suite","checkSubscriptionLimit (Active Limits Boundary Checker)"],"duration":1,"failing":false,"failureDetails":[],"failureMessages":[],"fullName":"Subscription Constraints & Webhook Suite checkSubscriptionLimit (Active Limits Boundary Checker) should enforce customer limits correctly","invocations":1,"location":null,"numPassingAsserts":2,"retryReasons":[],"startAt":1779986393927,"status":"passed","title":"should enforce customer limits correctly"},{"ancestorTitles":["Subscription Constraints & Webhook Suite","checkSubscriptionLimit (Active Limits Boundary Checker)"],"duration":3,"failing":false,"failureDetails":[],"failureMessages":[],"fullName":"Subscription Constraints & Webhook Suite checkSubscriptionLimit (Active Limits Boundary Checker) should enforce SMS quotas correctly","invocations":1,"location":null,"numPassingAsserts":3,"retryReasons":[],"startAt":1779986393929,"status":"passed","title":"should enforce SMS quotas correctly"},{"ancestorTitles":["Subscription Constraints & Webhook Suite","checkSubscriptionLimit (Active Limits Boundary Checker)"],"duration":2,"failing":false,"failureDetails":[],"failureMessages":[],"fullName":"Subscription Constraints & Webhook Suite checkSubscriptionLimit (Active Limits Boundary Checker) bypasses limits for HQ-owned spas (franchise_agreement_date IS NULL)","invocations":1,"location":null,"numPassingAsserts":4,"retryReasons":[],"startAt":1779986393932,"status":"passed","title":"bypasses limits for HQ-owned spas (franchise_agreement_date IS NULL)"},{"ancestorTitles":["Subscription Constraints & Webhook Suite","Payment Webhook Reconciler (POST /api/webhooks/payment)"],"duration":19,"failing":false,"failureDetails":[],"failureMessages":[],"fullName":"Subscription Constraints & Webhook Suite Payment Webhook Reconciler (POST /api/webhooks/payment) should reject unauthorized webhook calls with 401","invocations":1,"location":null,"numPassingAsserts":1,"retryReasons":[],"startAt":1779986393934,"status":"passed","title":"should reject unauthorized webhook calls with 401"},{"ancestorTitles":["Subscription Constraints & Webhook Suite","Payment Webhook Reconciler (POST /api/webhooks/payment)"],"duration":11,"failing":false,"failureDetails":[],"failureMessages":[],"fullName":"Subscription Constraints & Webhook Suite Payment Webhook Reconciler (POST /api/webhooks/payment) should process a valid SePay webhook call matching subscription pattern and call renew_tenant_subscription RPC","invocations":1,"location":null,"numPassingAsserts":4,"retryReasons":[],"startAt":1779986393953,"status":"passed","title":"should process a valid SePay webhook call matching subscription pattern and call renew_tenant_subscription RPC"},{"ancestorTitles":["Subscription Constraints & Webhook Suite","Payment Webhook Reconciler (POST /api/webhooks/payment)"],"duration":6,"failing":false,"failureDetails":[],"failureMessages":[],"fullName":"Subscription Constraints & Webhook Suite Payment Webhook Reconciler (POST /api/webhooks/payment) should handle webhook call with different regex variants like SUB-INV-12345","invocations":1,"location":null,"numPassingAsserts":3,"retryReasons":[],"startAt":1779986393964,"status":"passed","title":"should handle webhook call with different regex variants like SUB-INV-12345"}],"endTime":1779986393971,"message":"","name":"D:\\Antigravity\\Projects\\BELLA SPA ERP\\src\\__tests__\\subscription.test.ts","startTime":1779986393630,"status":"passed","summary":""},{"assertionResults":[{"ancestorTitles":["form-validators: VN phone","normalizePhone"],"duration":2,"failing":false,"failureDetails":[],"failureMessages":[],"fullName":"form-validators: VN phone normalizePhone strips spaces, dots, dashes, parens","invocations":1,"location":null,"numPassingAsserts":3,"retryReasons":[],"startAt":1779986393876,"status":"passed","title":"strips spaces, dots, dashes, parens"},{"ancestorTitles":["form-validators: VN phone","normalizePhone"],"duration":1,"failing":false,"failureDetails":[],"failureMessages":[],"fullName":"form-validators: VN phone normalizePhone handles empty/null input","invocations":1,"location":null,"numPassingAsserts":2,"retryReasons":[],"startAt":1779986393878,"status":"passed","title":"handles empty/null input"},{"ancestorTitles":["form-validators: VN phone","isVnMobile"],"duration":1,"failing":false,"failureDetails":[],"failureMessages":[],"fullName":"form-validators: VN phone isVnMobile accepts common Viettel/Vina/Mobi prefixes","invocations":1,"location":null,"numPassingAsserts":5,"retryReasons":[],"startAt":1779986393880,"status":"passed","title":"accepts common Viettel/Vina/Mobi prefixes"},{"ancestorTitles":["form-validators: VN phone","isVnMobile"],"duration":1,"failing":false,"failureDetails":[],"failureMessages":[],"fullName":"form-validators: VN phone isVnMobile accepts +84 / 84 prefix","invocations":1,"location":null,"numPassingAsserts":2,"retryReasons":[],"startAt":1779986393881,"status":"passed","title":"accepts +84 / 84 prefix"},{"ancestorTitles":["form-validators: VN phone","isVnMobile"],"duration":1,"failing":false,"failureDetails":[],"failureMessages":[],"fullName":"form-validators: VN phone isVnMobile rejects invalid prefixes","invocations":1,"location":null,"numPassingAsserts":3,"retryReasons":[],"startAt":1779986393882,"status":"passed","title":"rejects invalid prefixes"},{"ancestorTitles":["form-validators: VN phone","isVnMobile"],"duration":0,"failing":false,"failureDetails":[],"failureMessages":[],"fullName":"form-validators: VN phone isVnMobile rejects wrong length","invocations":1,"location":null,"numPassingAsserts":2,"retryReasons":[],"startAt":1779986393884,"status":"passed","title":"rejects wrong length"},{"ancestorTitles":["form-validators: VN phone","isVnLandline"],"duration":2,"failing":false,"failureDetails":[],"failureMessages":[],"fullName":"form-validators: VN phone isVnLandline accepts 02xx prefix","invocations":1,"location":null,"numPassingAsserts":2,"retryReasons":[],"startAt":1779986393884,"status":"passed","title":"accepts 02xx prefix"},{"ancestorTitles":["form-validators: VN phone","isVnLandline"],"duration":0,"failing":false,"failureDetails":[],"failureMessages":[],"fullName":"form-validators: VN phone isVnLandline rejects mobile prefixes","invocations":1,"location":null,"numPassingAsserts":1,"retryReasons":[],"startAt":1779986393886,"status":"passed","title":"rejects mobile prefixes"},{"ancestorTitles":["form-validators: VN phone","validateVnPhone"],"duration":1,"failing":false,"failureDetails":[],"failureMessages":[],"fullName":"form-validators: VN phone validateVnPhone ok for valid mobile","invocations":1,"location":null,"numPassingAsserts":2,"retryReasons":[],"startAt":1779986393887,"status":"passed","title":"ok for valid mobile"},{"ancestorTitles":["form-validators: VN phone","validateVnPhone"],"duration":0,"failing":false,"failureDetails":[],"failureMessages":[],"fullName":"form-validators: VN phone validateVnPhone normalizes +84 to 0 prefix","invocations":1,"location":null,"numPassingAsserts":2,"retryReasons":[],"startAt":1779986393889,"status":"passed","title":"normalizes +84 to 0 prefix"},{"ancestorTitles":["form-validators: VN phone","validateVnPhone"],"duration":0,"failing":false,"failureDetails":[],"failureMessages":[],"fullName":"form-validators: VN phone validateVnPhone normalizes 84xxxxxxxxx to 0xxxxxxxxx","invocations":1,"location":null,"numPassingAsserts":2,"retryReasons":[],"startAt":1779986393890,"status":"passed","title":"normalizes 84xxxxxxxxx to 0xxxxxxxxx"},{"ancestorTitles":["form-validators: VN phone","validateVnPhone"],"duration":1,"failing":false,"failureDetails":[],"failureMessages":[],"fullName":"form-validators: VN phone validateVnPhone rejects empty","invocations":1,"location":null,"numPassingAsserts":2,"retryReasons":[],"startAt":1779986393890,"status":"passed","title":"rejects empty"},{"ancestorTitles":["form-validators: VN phone","validateVnPhone"],"duration":1,"failing":false,"failureDetails":[],"failureMessages":[],"fullName":"form-validators: VN phone validateVnPhone rejects letters","invocations":1,"location":null,"numPassingAsserts":1,"retryReasons":[],"startAt":1779986393891,"status":"passed","title":"rejects letters"},{"ancestorTitles":["form-validators: VN phone","validateVnPhone"],"duration":0,"failing":false,"failureDetails":[],"failureMessages":[],"fullName":"form-validators: VN phone validateVnPhone rejects too short","invocations":1,"location":null,"numPassingAsserts":2,"retryReasons":[],"startAt":1779986393892,"status":"passed","title":"rejects too short"},{"ancestorTitles":["form-validators: VN phone","validateVnPhone"],"duration":1,"failing":false,"failureDetails":[],"failureMessages":[],"fullName":"form-validators: VN phone validateVnPhone rejects too long","invocations":1,"location":null,"numPassingAsserts":1,"retryReasons":[],"startAt":1779986393892,"status":"passed","title":"rejects too long"},{"ancestorTitles":["form-validators: CCCD/CMND"],"duration":1,"failing":false,"failureDetails":[],"failureMessages":[],"fullName":"form-validators: CCCD/CMND accepts 12-digit CCCD","invocations":1,"location":null,"numPassingAsserts":2,"retryReasons":[],"startAt":1779986393893,"status":"passed","title":"accepts 12-digit CCCD"},{"ancestorTitles":["form-validators: CCCD/CMND"],"duration":0,"failing":false,"failureDetails":[],"failureMessages":[],"fullName":"form-validators: CCCD/CMND rejects non-12 lengths as CCCD","invocations":1,"location":null,"numPassingAsserts":2,"retryReasons":[],"startAt":1779986393894,"status":"passed","title":"rejects non-12 lengths as CCCD"},{"ancestorTitles":["form-validators: CCCD/CMND"],"duration":1,"failing":false,"failureDetails":[],"failureMessages":[],"fullName":"form-validators: CCCD/CMND accepts 9-digit CMND","invocations":1,"location":null,"numPassingAsserts":1,"retryReasons":[],"startAt":1779986393894,"status":"passed","title":"accepts 9-digit CMND"},{"ancestorTitles":["form-validators: CCCD/CMND"],"duration":2,"failing":false,"failureDetails":[],"failureMessages":[],"fullName":"form-validators: CCCD/CMND rejects mixed/short as both","invocations":1,"location":null,"numPassingAsserts":2,"retryReasons":[],"startAt":1779986393895,"status":"passed","title":"rejects mixed/short as both"},{"ancestorTitles":["form-validators: CCCD/CMND","validateCccd"],"duration":1,"failing":false,"failureDetails":[],"failureMessages":[],"fullName":"form-validators: CCCD/CMND validateCccd ok for CCCD 12 digits","invocations":1,"location":null,"numPassingAsserts":1,"retryReasons":[],"startAt":1779986393897,"status":"passed","title":"ok for CCCD 12 digits"},{"ancestorTitles":["form-validators: CCCD/CMND","validateCccd"],"duration":1,"failing":false,"failureDetails":[],"failureMessages":[],"fullName":"form-validators: CCCD/CMND validateCccd ok for CMND 9 digits","invocations":1,"location":null,"numPassingAsserts":1,"retryReasons":[],"startAt":1779986393898,"status":"passed","title":"ok for CMND 9 digits"},{"ancestorTitles":["form-validators: CCCD/CMND","validateCccd"],"duration":0,"failing":false,"failureDetails":[],"failureMessages":[],"fullName":"form-validators: CCCD/CMND validateCccd rejects empty","invocations":1,"location":null,"numPassingAsserts":1,"retryReasons":[],"startAt":1779986393899,"status":"passed","title":"rejects empty"},{"ancestorTitles":["form-validators: CCCD/CMND","validateCccd"],"duration":2,"failing":false,"failureDetails":[],"failureMessages":[],"fullName":"form-validators: CCCD/CMND validateCccd rejects letters","invocations":1,"location":null,"numPassingAsserts":1,"retryReasons":[],"startAt":1779986393899,"status":"passed","title":"rejects letters"},{"ancestorTitles":["form-validators: CCCD/CMND","validateCccd"],"duration":1,"failing":false,"failureDetails":[],"failureMessages":[],"fullName":"form-validators: CCCD/CMND validateCccd rejects wrong digit count","invocations":1,"location":null,"numPassingAsserts":2,"retryReasons":[],"startAt":1779986393901,"status":"passed","title":"rejects wrong digit count"},{"ancestorTitles":["form-validators: email"],"duration":1,"failing":false,"failureDetails":[],"failureMessages":[],"fullName":"form-validators: email accepts admin@bellaspa.vn","invocations":1,"location":null,"numPassingAsserts":1,"retryReasons":[],"startAt":1779986393903,"status":"passed","title":"accepts admin@bellaspa.vn"},{"ancestorTitles":["form-validators: email"],"duration":0,"failing":false,"failureDetails":[],"failureMessages":[],"fullName":"form-validators: email accepts user.name+tag@gmail.com","invocations":1,"location":null,"numPassingAsserts":1,"retryReasons":[],"startAt":1779986393904,"status":"passed","title":"accepts user.name+tag@gmail.com"},{"ancestorTitles":["form-validators: email"],"duration":0,"failing":false,"failureDetails":[],"failureMessages":[],"fullName":"form-validators: email accepts x@y.io","invocations":1,"location":null,"numPassingAsserts":1,"retryReasons":[],"startAt":1779986393905,"status":"passed","title":"accepts x@y.io"},{"ancestorTitles":["form-validators: email"],"duration":1,"failing":false,"failureDetails":[],"failureMessages":[],"fullName":"form-validators: email accepts info@sub.domain.com.vn","invocations":1,"location":null,"numPassingAsserts":1,"retryReasons":[],"startAt":1779986393905,"status":"passed","title":"accepts info@sub.domain.com.vn"},{"ancestorTitles":["form-validators: email"],"duration":0,"failing":false,"failureDetails":[],"failureMessages":[],"fullName":"form-validators: email rejects no-at-sign.com","invocations":1,"location":null,"numPassingAsserts":1,"retryReasons":[],"startAt":1779986393906,"status":"passed","title":"rejects no-at-sign.com"},{"ancestorTitles":["form-validators: email"],"duration":0,"failing":false,"failureDetails":[],"failureMessages":[],"fullName":"form-validators: email rejects @nothing.com","invocations":1,"location":null,"numPassingAsserts":1,"retryReasons":[],"startAt":1779986393906,"status":"passed","title":"rejects @nothing.com"},{"ancestorTitles":["form-validators: email"],"duration":0,"failing":false,"failureDetails":[],"failureMessages":[],"fullName":"form-validators: email rejects spaces in@email.com","invocations":1,"location":null,"numPassingAsserts":1,"retryReasons":[],"startAt":1779986393907,"status":"passed","title":"rejects spaces in@email.com"},{"ancestorTitles":["form-validators: email"],"duration":0,"failing":false,"failureDetails":[],"failureMessages":[],"fullName":"form-validators: email rejects missing.tld@x","invocations":1,"location":null,"numPassingAsserts":1,"retryReasons":[],"startAt":1779986393907,"status":"passed","title":"rejects missing.tld@x"},{"ancestorTitles":["form-validators: email"],"duration":1,"failing":false,"failureDetails":[],"failureMessages":[],"fullName":"form-validators: email rejects double@@at.com","invocations":1,"location":null,"numPassingAsserts":1,"retryReasons":[],"startAt":1779986393907,"status":"passed","title":"rejects double@@at.com"},{"ancestorTitles":["form-validators: email"],"duration":0,"failing":false,"failureDetails":[],"failureMessages":[],"fullName":"form-validators: email rejects ","invocations":1,"location":null,"numPassingAsserts":1,"retryReasons":[],"startAt":1779986393908,"status":"passed","title":"rejects "},{"ancestorTitles":["form-validators: email","validateEmail"],"duration":1,"failing":false,"failureDetails":[],"failureMessages":[],"fullName":"form-validators: email validateEmail ok and lowercases","invocations":1,"location":null,"numPassingAsserts":2,"retryReasons":[],"startAt":1779986393908,"status":"passed","title":"ok and lowercases"},{"ancestorTitles":["form-validators: email","validateEmail"],"duration":1,"failing":false,"failureDetails":[],"failureMessages":[],"fullName":"form-validators: email validateEmail trims whitespace","invocations":1,"location":null,"numPassingAsserts":1,"retryReasons":[],"startAt":1779986393909,"status":"passed","title":"trims whitespace"},{"ancestorTitles":["form-validators: email","validateEmail"],"duration":0,"failing":false,"failureDetails":[],"failureMessages":[],"fullName":"form-validators: email validateEmail rejects empty","invocations":1,"location":null,"numPassingAsserts":1,"retryReasons":[],"startAt":1779986393910,"status":"passed","title":"rejects empty"},{"ancestorTitles":["form-validators: email","validateEmail"],"duration":0,"failing":false,"failureDetails":[],"failureMessages":[],"fullName":"form-validators: email validateEmail rejects malformed","invocations":1,"location":null,"numPassingAsserts":1,"retryReasons":[],"startAt":1779986393910,"status":"passed","title":"rejects malformed"},{"ancestorTitles":["form-validators: VN bank account"],"duration":2,"failing":false,"failureDetails":[],"failureMessages":[],"fullName":"form-validators: VN bank account accepts 8–19 digits","invocations":1,"location":null,"numPassingAsserts":3,"retryReasons":[],"startAt":1779986393911,"status":"passed","title":"accepts 8–19 digits"},{"ancestorTitles":["form-validators: VN bank account"],"duration":1,"failing":false,"failureDetails":[],"failureMessages":[],"fullName":"form-validators: VN bank account strips spaces and dashes","invocations":1,"location":null,"numPassingAsserts":2,"retryReasons":[],"startAt":1779986393913,"status":"passed","title":"strips spaces and dashes"},{"ancestorTitles":["form-validators: VN bank account"],"duration":1,"failing":false,"failureDetails":[],"failureMessages":[],"fullName":"form-validators: VN bank account rejects too short / too long / letters","invocations":1,"location":null,"numPassingAsserts":3,"retryReasons":[],"startAt":1779986393914,"status":"passed","title":"rejects too short / too long / letters"},{"ancestorTitles":["form-validators: VN bank account"],"duration":2,"failing":false,"failureDetails":[],"failureMessages":[],"fullName":"form-validators: VN bank account validateVnBankAccount returns clear errors","invocations":1,"location":null,"numPassingAsserts":4,"retryReasons":[],"startAt":1779986393915,"status":"passed","title":"validateVnBankAccount returns clear errors"},{"ancestorTitles":["form-validators: amount VND","parseVnd"],"duration":1,"failing":false,"failureDetails":[],"failureMessages":[],"fullName":"form-validators: amount VND parseVnd parses 1000000 -> 1000000","invocations":1,"location":null,"numPassingAsserts":1,"retryReasons":[],"startAt":1779986393917,"status":"passed","title":"parses 1000000 -> 1000000"},{"ancestorTitles":["form-validators: amount VND","parseVnd"],"duration":5,"failing":false,"failureDetails":[],"failureMessages":[],"fullName":"form-validators: amount VND parseVnd parses 1.000.000 -> 1000000","invocations":1,"location":null,"numPassingAsserts":1,"retryReasons":[],"startAt":1779986393918,"status":"passed","title":"parses 1.000.000 -> 1000000"},{"ancestorTitles":["form-validators: amount VND","parseVnd"],"duration":1,"failing":false,"failureDetails":[],"failureMessages":[],"fullName":"form-validators: amount VND parseVnd parses 1,000,000 -> 1000000","invocations":1,"location":null,"numPassingAsserts":1,"retryReasons":[],"startAt":1779986393923,"status":"passed","title":"parses 1,000,000 -> 1000000"},{"ancestorTitles":["form-validators: amount VND","parseVnd"],"duration":0,"failing":false,"failureDetails":[],"failureMessages":[],"fullName":"form-validators: amount VND parseVnd parses 1 000 000đ -> 1000000","invocations":1,"location":null,"numPassingAsserts":1,"retryReasons":[],"startAt":1779986393924,"status":"passed","title":"parses 1 000 000đ -> 1000000"},{"ancestorTitles":["form-validators: amount VND","parseVnd"],"duration":0,"failing":false,"failureDetails":[],"failureMessages":[],"fullName":"form-validators: amount VND parseVnd parses 1500000 -> 1500000","invocations":1,"location":null,"numPassingAsserts":1,"retryReasons":[],"startAt":1779986393925,"status":"passed","title":"parses 1500000 -> 1500000"},{"ancestorTitles":["form-validators: amount VND","parseVnd"],"duration":1,"failing":false,"failureDetails":[],"failureMessages":[],"fullName":"form-validators: amount VND parseVnd returns null for invalid","invocations":1,"location":null,"numPassingAsserts":4,"retryReasons":[],"startAt":1779986393925,"status":"passed","title":"returns null for invalid"},{"ancestorTitles":["form-validators: amount VND","parseVnd"],"duration":1,"failing":false,"failureDetails":[],"failureMessages":[],"fullName":"form-validators: amount VND parseVnd handles NaN gracefully","invocations":1,"location":null,"numPassingAsserts":1,"retryReasons":[],"startAt":1779986393926,"status":"passed","title":"handles NaN gracefully"},{"ancestorTitles":["form-validators: amount VND","validateAmount"],"duration":0,"failing":false,"failureDetails":[],"failureMessages":[],"fullName":"form-validators: amount VND validateAmount ok for positive","invocations":1,"location":null,"numPassingAsserts":1,"retryReasons":[],"startAt":1779986393927,"status":"passed","title":"ok for positive"},{"ancestorTitles":["form-validators: amount VND","validateAmount"],"duration":0,"failing":false,"failureDetails":[],"failureMessages":[],"fullName":"form-validators: amount VND validateAmount rejects negative by default","invocations":1,"location":null,"numPassingAsserts":2,"retryReasons":[],"startAt":1779986393928,"status":"passed","title":"rejects negative by default"},{"ancestorTitles":["form-validators: amount VND","validateAmount"],"duration":1,"failing":false,"failureDetails":[],"failureMessages":[],"fullName":"form-validators: amount VND validateAmount rejects zero by default","invocations":1,"location":null,"numPassingAsserts":2,"retryReasons":[],"startAt":1779986393928,"status":"passed","title":"rejects zero by default"},{"ancestorTitles":["form-validators: amount VND","validateAmount"],"duration":0,"failing":false,"failureDetails":[],"failureMessages":[],"fullName":"form-validators: amount VND validateAmount allowZero passes 0","invocations":1,"location":null,"numPassingAsserts":1,"retryReasons":[],"startAt":1779986393929,"status":"passed","title":"allowZero passes 0"},{"ancestorTitles":["form-validators: amount VND","validateAmount"],"duration":0,"failing":false,"failureDetails":[],"failureMessages":[],"fullName":"form-validators: amount VND validateAmount allowNegative passes -500","invocations":1,"location":null,"numPassingAsserts":1,"retryReasons":[],"startAt":1779986393930,"status":"passed","title":"allowNegative passes -500"},{"ancestorTitles":["form-validators: amount VND","validateAmount"],"duration":7,"failing":false,"failureDetails":[],"failureMessages":[],"fullName":"form-validators: amount VND validateAmount enforces min","invocations":1,"location":null,"numPassingAsserts":2,"retryReasons":[],"startAt":1779986393930,"status":"passed","title":"enforces min"},{"ancestorTitles":["form-validators: amount VND","validateAmount"],"duration":1,"failing":false,"failureDetails":[],"failureMessages":[],"fullName":"form-validators: amount VND validateAmount enforces max","invocations":1,"location":null,"numPassingAsserts":2,"retryReasons":[],"startAt":1779986393937,"status":"passed","title":"enforces max"},{"ancestorTitles":["form-validators: amount VND","validateAmount"],"duration":1,"failing":false,"failureDetails":[],"failureMessages":[],"fullName":"form-validators: amount VND validateAmount uses custom label","invocations":1,"location":null,"numPassingAsserts":2,"retryReasons":[],"startAt":1779986393938,"status":"passed","title":"uses custom label"},{"ancestorTitles":["form-validators: date","isIsoDate"],"duration":1,"failing":false,"failureDetails":[],"failureMessages":[],"fullName":"form-validators: date isIsoDate accepts valid YYYY-MM-DD","invocations":1,"location":null,"numPassingAsserts":3,"retryReasons":[],"startAt":1779986393939,"status":"passed","title":"accepts valid YYYY-MM-DD"},{"ancestorTitles":["form-validators: date","isIsoDate"],"duration":0,"failing":false,"failureDetails":[],"failureMessages":[],"fullName":"form-validators: date isIsoDate rejects invalid format","invocations":1,"location":null,"numPassingAsserts":3,"retryReasons":[],"startAt":1779986393940,"status":"passed","title":"rejects invalid format"},{"ancestorTitles":["form-validators: date","isIsoDate"],"duration":0,"failing":false,"failureDetails":[],"failureMessages":[],"fullName":"form-validators: date isIsoDate rejects invalid calendar dates","invocations":1,"location":null,"numPassingAsserts":4,"retryReasons":[],"startAt":1779986393941,"status":"passed","title":"rejects invalid calendar dates"},{"ancestorTitles":["form-validators: date","validateDate"],"duration":0,"failing":false,"failureDetails":[],"failureMessages":[],"fullName":"form-validators: date validateDate ok for valid date","invocations":1,"location":null,"numPassingAsserts":1,"retryReasons":[],"startAt":1779986393942,"status":"passed","title":"ok for valid date"},{"ancestorTitles":["form-validators: date","validateDate"],"duration":1,"failing":false,"failureDetails":[],"failureMessages":[],"fullName":"form-validators: date validateDate rejects empty","invocations":1,"location":null,"numPassingAsserts":1,"retryReasons":[],"startAt":1779986393942,"status":"passed","title":"rejects empty"},{"ancestorTitles":["form-validators: date","validateDate"],"duration":0,"failing":false,"failureDetails":[],"failureMessages":[],"fullName":"form-validators: date validateDate rejects wrong format","invocations":1,"location":null,"numPassingAsserts":1,"retryReasons":[],"startAt":1779986393943,"status":"passed","title":"rejects wrong format"},{"ancestorTitles":["form-validators: date","validateDate"],"duration":1,"failing":false,"failureDetails":[],"failureMessages":[],"fullName":"form-validators: date validateDate pastOnly: rejects future","invocations":1,"location":null,"numPassingAsserts":2,"retryReasons":[],"startAt":1779986393943,"status":"passed","title":"pastOnly: rejects future"},{"ancestorTitles":["form-validators: date","validateDate"],"duration":0,"failing":false,"failureDetails":[],"failureMessages":[],"fullName":"form-validators: date validateDate pastOnly: accepts today","invocations":1,"location":null,"numPassingAsserts":1,"retryReasons":[],"startAt":1779986393944,"status":"passed","title":"pastOnly: accepts today"},{"ancestorTitles":["form-validators: date","validateDate"],"duration":1,"failing":false,"failureDetails":[],"failureMessages":[],"fullName":"form-validators: date validateDate futureOnly: rejects past","invocations":1,"location":null,"numPassingAsserts":1,"retryReasons":[],"startAt":1779986393944,"status":"passed","title":"futureOnly: rejects past"},{"ancestorTitles":["form-validators: date","validateDate"],"duration":1,"failing":false,"failureDetails":[],"failureMessages":[],"fullName":"form-validators: date validateDate futureOnly: accepts tomorrow","invocations":1,"location":null,"numPassingAsserts":1,"retryReasons":[],"startAt":1779986393945,"status":"passed","title":"futureOnly: accepts tomorrow"},{"ancestorTitles":["form-validators: date","validateDate"],"duration":1,"failing":false,"failureDetails":[],"failureMessages":[],"fullName":"form-validators: date validateDate min/max enforced","invocations":1,"location":null,"numPassingAsserts":2,"retryReasons":[],"startAt":1779986393946,"status":"passed","title":"min/max enforced"},{"ancestorTitles":["form-validators: password"],"duration":1,"failing":false,"failureDetails":[],"failureMessages":[],"fullName":"form-validators: password rejects empty","invocations":1,"location":null,"numPassingAsserts":1,"retryReasons":[],"startAt":1779986393947,"status":"passed","title":"rejects empty"},{"ancestorTitles":["form-validators: password"],"duration":1,"failing":false,"failureDetails":[],"failureMessages":[],"fullName":"form-validators: password rejects too short","invocations":1,"location":null,"numPassingAsserts":2,"retryReasons":[],"startAt":1779986393948,"status":"passed","title":"rejects too short"},{"ancestorTitles":["form-validators: password"],"duration":4,"failing":false,"failureDetails":[],"failureMessages":[],"fullName":"form-validators: password requires uppercase by default","invocations":1,"location":null,"numPassingAsserts":2,"retryReasons":[],"startAt":1779986393949,"status":"passed","title":"requires uppercase by default"},{"ancestorTitles":["form-validators: password"],"duration":1,"failing":false,"failureDetails":[],"failureMessages":[],"fullName":"form-validators: password requires lowercase by default","invocations":1,"location":null,"numPassingAsserts":2,"retryReasons":[],"startAt":1779986393953,"status":"passed","title":"requires lowercase by default"},{"ancestorTitles":["form-validators: password"],"duration":1,"failing":false,"failureDetails":[],"failureMessages":[],"fullName":"form-validators: password requires digit by default","invocations":1,"location":null,"numPassingAsserts":2,"retryReasons":[],"startAt":1779986393954,"status":"passed","title":"requires digit by default"},{"ancestorTitles":["form-validators: password"],"duration":1,"failing":false,"failureDetails":[],"failureMessages":[],"fullName":"form-validators: password requires special when opted in","invocations":1,"location":null,"numPassingAsserts":2,"retryReasons":[],"startAt":1779986393955,"status":"passed","title":"requires special when opted in"},{"ancestorTitles":["form-validators: password"],"duration":0,"failing":false,"failureDetails":[],"failureMessages":[],"fullName":"form-validators: password ok for strong password","invocations":1,"location":null,"numPassingAsserts":1,"retryReasons":[],"startAt":1779986393956,"status":"passed","title":"ok for strong password"},{"ancestorTitles":["form-validators: password"],"duration":1,"failing":false,"failureDetails":[],"failureMessages":[],"fullName":"form-validators: password respects min override","invocations":1,"location":null,"numPassingAsserts":2,"retryReasons":[],"startAt":1779986393956,"status":"passed","title":"respects min override"},{"ancestorTitles":["form-validators: password","passwordStrengthScore"],"duration":1,"failing":false,"failureDetails":[],"failureMessages":[],"fullName":"form-validators: password passwordStrengthScore 0 for empty","invocations":1,"location":null,"numPassingAsserts":1,"retryReasons":[],"startAt":1779986393957,"status":"passed","title":"0 for empty"},{"ancestorTitles":["form-validators: password","passwordStrengthScore"],"duration":0,"failing":false,"failureDetails":[],"failureMessages":[],"fullName":"form-validators: password passwordStrengthScore 1 for 8+ length only","invocations":1,"location":null,"numPassingAsserts":1,"retryReasons":[],"startAt":1779986393958,"status":"passed","title":"1 for 8+ length only"},{"ancestorTitles":["form-validators: password","passwordStrengthScore"],"duration":1,"failing":false,"failureDetails":[],"failureMessages":[],"fullName":"form-validators: password passwordStrengthScore 3 for 12+ with mixed case","invocations":1,"location":null,"numPassingAsserts":1,"retryReasons":[],"startAt":1779986393958,"status":"passed","title":"3 for 12+ with mixed case"},{"ancestorTitles":["form-validators: password","passwordStrengthScore"],"duration":0,"failing":false,"failureDetails":[],"failureMessages":[],"fullName":"form-validators: password passwordStrengthScore 4 for strong","invocations":1,"location":null,"numPassingAsserts":1,"retryReasons":[],"startAt":1779986393959,"status":"passed","title":"4 for strong"},{"ancestorTitles":["form-validators: OTP"],"duration":1,"failing":false,"failureDetails":[],"failureMessages":[],"fullName":"form-validators: OTP accepts exactly 6 digits","invocations":1,"location":null,"numPassingAsserts":2,"retryReasons":[],"startAt":1779986393959,"status":"passed","title":"accepts exactly 6 digits"},{"ancestorTitles":["form-validators: OTP"],"duration":1,"failing":false,"failureDetails":[],"failureMessages":[],"fullName":"form-validators: OTP rejects wrong length / non-digits","invocations":1,"location":null,"numPassingAsserts":4,"retryReasons":[],"startAt":1779986393960,"status":"passed","title":"rejects wrong length / non-digits"},{"ancestorTitles":["form-validators: OTP"],"duration":1,"failing":false,"failureDetails":[],"failureMessages":[],"fullName":"form-validators: OTP validateOtpCode reports clear errors","invocations":1,"location":null,"numPassingAsserts":4,"retryReasons":[],"startAt":1779986393961,"status":"passed","title":"validateOtpCode reports clear errors"},{"ancestorTitles":["form-validators: text","tidyText"],"duration":2,"failing":false,"failureDetails":[],"failureMessages":[],"fullName":"form-validators: text tidyText trims and collapses spaces","invocations":1,"location":null,"numPassingAsserts":2,"retryReasons":[],"startAt":1779986393962,"status":"passed","title":"trims and collapses spaces"},{"ancestorTitles":["form-validators: text","tidyText"],"duration":0,"failing":false,"failureDetails":[],"failureMessages":[],"fullName":"form-validators: text tidyText handles null/empty","invocations":1,"location":null,"numPassingAsserts":3,"retryReasons":[],"startAt":1779986393964,"status":"passed","title":"handles null/empty"},{"ancestorTitles":["form-validators: text","validateRequiredText"],"duration":0,"failing":false,"failureDetails":[],"failureMessages":[],"fullName":"form-validators: text validateRequiredText ok for non-empty","invocations":1,"location":null,"numPassingAsserts":2,"retryReasons":[],"startAt":1779986393965,"status":"passed","title":"ok for non-empty"},{"ancestorTitles":["form-validators: text","validateRequiredText"],"duration":1,"failing":false,"failureDetails":[],"failureMessages":[],"fullName":"form-validators: text validateRequiredText trims before validation","invocations":1,"location":null,"numPassingAsserts":2,"retryReasons":[],"startAt":1779986393965,"status":"passed","title":"trims before validation"},{"ancestorTitles":["form-validators: text","validateRequiredText"],"duration":2,"failing":false,"failureDetails":[],"failureMessages":[],"fullName":"form-validators: text validateRequiredText rejects empty / whitespace-only","invocations":1,"location":null,"numPassingAsserts":2,"retryReasons":[],"startAt":1779986393966,"status":"passed","title":"rejects empty / whitespace-only"},{"ancestorTitles":["form-validators: text","validateRequiredText"],"duration":1,"failing":false,"failureDetails":[],"failureMessages":[],"fullName":"form-validators: text validateRequiredText enforces min","invocations":1,"location":null,"numPassingAsserts":1,"retryReasons":[],"startAt":1779986393968,"status":"passed","title":"enforces min"},{"ancestorTitles":["form-validators: text","validateRequiredText"],"duration":0,"failing":false,"failureDetails":[],"failureMessages":[],"fullName":"form-validators: text validateRequiredText enforces max","invocations":1,"location":null,"numPassingAsserts":2,"retryReasons":[],"startAt":1779986393969,"status":"passed","title":"enforces max"},{"ancestorTitles":["form-validators: text","validateRequiredText"],"duration":1,"failing":false,"failureDetails":[],"failureMessages":[],"fullName":"form-validators: text validateRequiredText uses custom label","invocations":1,"location":null,"numPassingAsserts":2,"retryReasons":[],"startAt":1779986393969,"status":"passed","title":"uses custom label"}],"endTime":1779986393975,"message":"","name":"D:\\Antigravity\\Projects\\BELLA SPA ERP\\src\\__tests__\\form-validators.test.ts","startTime":1779986393641,"status":"passed","summary":""},{"assertionResults":[{"ancestorTitles":["Transaction Safety & Rollback Integrity Tests"],"duration":90,"failing":false,"failureDetails":[],"failureMessages":[],"fullName":"Transaction Safety & Rollback Integrity Tests rolls back booking insertion when revenue registration fails","invocations":1,"location":null,"numPassingAsserts":3,"retryReasons":[],"startAt":1779986393898,"status":"passed","title":"rolls back booking insertion when revenue registration fails"},{"ancestorTitles":["Transaction Safety & Rollback Integrity Tests"],"duration":14,"failing":false,"failureDetails":[],"failureMessages":[],"fullName":"Transaction Safety & Rollback Integrity Tests rolls back session completed status and completed count in booking when salary update fails","invocations":1,"location":null,"numPassingAsserts":4,"retryReasons":[],"startAt":1779986393988,"status":"passed","title":"rolls back session completed status and completed count in booking when salary update fails"}],"endTime":1779986394003,"message":"","name":"D:\\Antigravity\\Projects\\BELLA SPA ERP\\src\\__tests__\\transaction-safety.test.ts","startTime":1779986393422,"status":"passed","summary":""},{"assertionResults":[{"ancestorTitles":["Concurrency & Parallel Operations Safety Tests"],"duration":28,"failing":false,"failureDetails":[],"failureMessages":[],"fullName":"Concurrency & Parallel Operations Safety Tests handles parallel guest booking creations smoothly without duplicates","invocations":1,"location":null,"numPassingAsserts":2,"retryReasons":[],"startAt":1779986393977,"status":"passed","title":"handles parallel guest booking creations smoothly without duplicates"},{"ancestorTitles":["Concurrency & Parallel Operations Safety Tests"],"duration":5,"failing":false,"failureDetails":[],"failureMessages":[],"fullName":"Concurrency & Parallel Operations Safety Tests prevents race conditions when completing multiple sessions concurrently","invocations":1,"location":null,"numPassingAsserts":4,"retryReasons":[],"startAt":1779986394005,"status":"passed","title":"prevents race conditions when completing multiple sessions concurrently"}],"endTime":1779986394011,"message":"","name":"D:\\Antigravity\\Projects\\BELLA SPA ERP\\src\\__tests__\\concurrency.test.ts","startTime":1779986393593,"status":"passed","summary":""},{"assertionResults":[{"ancestorTitles":["previewClosingEntries"],"duration":3,"failing":false,"failureDetails":[],"failureMessages":[],"fullName":"previewClosingEntries returns the 3-step preview from preview_closing_entries RPC","invocations":1,"location":null,"numPassingAsserts":2,"retryReasons":[],"startAt":1779986394015,"status":"passed","title":"returns the 3-step preview from preview_closing_entries RPC"},{"ancestorTitles":["previewClosingEntries"],"duration":9,"failing":false,"failureDetails":[],"failureMessages":[],"fullName":"previewClosingEntries rejects non-admin users (KTV)","invocations":1,"location":null,"numPassingAsserts":2,"retryReasons":[],"startAt":1779986394018,"status":"passed","title":"rejects non-admin users (KTV)"},{"ancestorTitles":["previewClosingEntries"],"duration":1,"failing":false,"failureDetails":[],"failureMessages":[],"fullName":"previewClosingEntries rejects users without tenant_id","invocations":1,"location":null,"numPassingAsserts":1,"retryReasons":[],"startAt":1779986394028,"status":"passed","title":"rejects users without tenant_id"},{"ancestorTitles":["previewClosingEntries"],"duration":2,"failing":false,"failureDetails":[],"failureMessages":[],"fullName":"previewClosingEntries propagates RPC errors (e.g., period not found)","invocations":1,"location":null,"numPassingAsserts":1,"retryReasons":[],"startAt":1779986394029,"status":"passed","title":"propagates RPC errors (e.g., period not found)"},{"ancestorTitles":["closePeriodAction"],"duration":2,"failing":false,"failureDetails":[],"failureMessages":[],"fullName":"closePeriodAction calls close_accounting_period RPC + audit log on success","invocations":1,"location":null,"numPassingAsserts":3,"retryReasons":[],"startAt":1779986394031,"status":"passed","title":"calls close_accounting_period RPC + audit log on success"},{"ancestorTitles":["closePeriodAction"],"duration":2,"failing":false,"failureDetails":[],"failureMessages":[],"fullName":"closePeriodAction propagates \"DRAFT entries remain\" error from RPC","invocations":1,"location":null,"numPassingAsserts":2,"retryReasons":[],"startAt":1779986394034,"status":"passed","title":"propagates \"DRAFT entries remain\" error from RPC"},{"ancestorTitles":["closePeriodAction"],"duration":1,"failing":false,"failureDetails":[],"failureMessages":[],"fullName":"closePeriodAction rejects non-admin users (KTV)","invocations":1,"location":null,"numPassingAsserts":2,"retryReasons":[],"startAt":1779986394036,"status":"passed","title":"rejects non-admin users (KTV)"},{"ancestorTitles":["reopenPeriodAction"],"duration":2,"failing":false,"failureDetails":[],"failureMessages":[],"fullName":"reopenPeriodAction calls reopen_accounting_period RPC + audit log on success","invocations":1,"location":null,"numPassingAsserts":3,"retryReasons":[],"startAt":1779986394038,"status":"passed","title":"calls reopen_accounting_period RPC + audit log on success"},{"ancestorTitles":["reopenPeriodAction"],"duration":1,"failing":false,"failureDetails":[],"failureMessages":[],"fullName":"reopenPeriodAction propagates \"only HQ super admin\" error from RPC for non-HQ admins","invocations":1,"location":null,"numPassingAsserts":2,"retryReasons":[],"startAt":1779986394040,"status":"passed","title":"propagates \"only HQ super admin\" error from RPC for non-HQ admins"},{"ancestorTitles":["reopenPeriodAction"],"duration":1,"failing":false,"failureDetails":[],"failureMessages":[],"fullName":"reopenPeriodAction rejects unauthenticated users","invocations":1,"location":null,"numPassingAsserts":2,"retryReasons":[],"startAt":1779986394042,"status":"passed","title":"rejects unauthenticated users"}],"endTime":1779986394045,"message":"","name":"D:\\Antigravity\\Projects\\BELLA SPA ERP\\src\\__tests__\\period-closing.test.ts","startTime":1779986393740,"status":"passed","summary":""},{"assertionResults":[{"ancestorTitles":["Idempotency & Repeat Operations Integrity Tests"],"duration":37,"failing":false,"failureDetails":[],"failureMessages":[],"fullName":"Idempotency & Repeat Operations Integrity Tests updates instead of inserting when booking is created twice (idempotent duplicate prevention)","invocations":1,"location":null,"numPassingAsserts":3,"retryReasons":[],"startAt":1779986394011,"status":"passed","title":"updates instead of inserting when booking is created twice (idempotent duplicate prevention)"},{"ancestorTitles":["Idempotency & Repeat Operations Integrity Tests"],"duration":2,"failing":false,"failureDetails":[],"failureMessages":[],"fullName":"Idempotency & Repeat Operations Integrity Tests fails with Idempotent error when completeSession is called on already completed session","invocations":1,"location":null,"numPassingAsserts":2,"retryReasons":[],"startAt":1779986394049,"status":"passed","title":"fails with Idempotent error when completeSession is called on already completed session"}],"endTime":1779986394052,"message":"","name":"D:\\Antigravity\\Projects\\BELLA SPA ERP\\src\\__tests__\\idempotency.test.ts","startTime":1779986393623,"status":"passed","summary":""},{"assertionResults":[{"ancestorTitles":["lockMonth"],"duration":21,"failing":false,"failureDetails":[],"failureMessages":[],"fullName":"lockMonth gọi RPC lock_monthly_records với đúng params khi Ad
[...]
tion":0,"failing":false,"failureDetails":[],"failureMessages":[],"fullName":"User Manuals Access Control Permissions Edge Cases & Sanitization denies access for completely invalid or non-existent slugs","invocations":1,"location":null,"numPassingAsserts":2,"retryReasons":[],"startAt":1779986394560,"status":"passed","title":"denies access for completely invalid or non-existent slugs"}],"endTime":1779986394571,"message":"","name":"D:\\Antigravity\\Projects\\BELLA SPA ERP\\src\\__tests__\\user-manuals.test.ts","startTime":1779986394336,"status":"passed","summary":""},{"assertionResults":[{"ancestorTitles":["State Machine & Transition Validity Integrity Tests","Booking Status State Machine"],"duration":1,"failing":false,"failureDetails":[],"failureMessages":[],"fullName":"State Machine & Transition Validity Integrity Tests Booking Status State Machine blocks session completion if the booking is cancelled","invocations":1,"location":null,"numPassingAsserts":2,"retryReasons":[],"startAt":1779986394559,"status":"passed","title":"blocks session completion if the booking is cancelled"},{"ancestorTitles":["State Machine & Transition Validity Integrity Tests","Locked Month State Machine"],"duration":5,"failing":false,"failureDetails":[],"failureMessages":[],"fullName":"State Machine & Transition Validity Integrity Tests Locked Month State Machine blocks publishSalaryRecord when month is locked","invocations":1,"location":null,"numPassingAsserts":2,"retryReasons":[],"startAt":1779986394562,"status":"passed","title":"blocks publishSalaryRecord when month is locked"},{"ancestorTitles":["State Machine & Transition Validity Integrity Tests","Locked Month State Machine"],"duration":1,"failing":false,"failureDetails":[],"failureMessages":[],"fullName":"State Machine & Transition Validity Integrity Tests Locked Month State Machine blocks adminConfirmOnBehalf when month is locked","invocations":1,"location":null,"numPassingAsserts":2,"retryReasons":[],"startAt":1779986394567,"status":"passed","title":"blocks adminConfirmOnBehalf when month is locked"},{"ancestorTitles":["State Machine & Transition Validity Integrity Tests","Locked Month State Machine"],"duration":1,"failing":false,"failureDetails":[],"failureMessages":[],"fullName":"State Machine & Transition Validity Integrity Tests Locked Month State Machine blocks finalizeSalaryRecord when month is locked","invocations":1,"location":null,"numPassingAsserts":2,"retryReasons":[],"startAt":1779986394568,"status":"passed","title":"blocks finalizeSalaryRecord when month is locked"},{"ancestorTitles":["State Machine & Transition Validity Integrity Tests","Locked Month State Machine"],"duration":1,"failing":false,"failureDetails":[],"failureMessages":[],"fullName":"State Machine & Transition Validity Integrity Tests Locked Month State Machine blocks approveSalary when month is locked","invocations":1,"location":null,"numPassingAsserts":2,"retryReasons":[],"startAt":1779986394569,"status":"passed","title":"blocks approveSalary when month is locked"},{"ancestorTitles":["State Machine & Transition Validity Integrity Tests","Locked Month State Machine"],"duration":1,"failing":false,"failureDetails":[],"failureMessages":[],"fullName":"State Machine & Transition Validity Integrity Tests Locked Month State Machine blocks updateSalaryConfig when month is locked","invocations":1,"location":null,"numPassingAsserts":2,"retryReasons":[],"startAt":1779986394570,"status":"passed","title":"blocks updateSalaryConfig when month is locked"},{"ancestorTitles":["State Machine & Transition Validity Integrity Tests","Locked Month State Machine"],"duration":1,"failing":false,"failureDetails":[],"failureMessages":[],"fullName":"State Machine & Transition Validity Integrity Tests Locked Month State Machine blocks confirmKtvSessions when month is locked","invocations":1,"location":null,"numPassingAsserts":2,"retryReasons":[],"startAt":1779986394571,"status":"passed","title":"blocks confirmKtvSessions when month is locked"},{"ancestorTitles":["State Machine & Transition Validity Integrity Tests","Inventory Supply Chain Status State Machine"],"duration":1,"failing":false,"failureDetails":[],"failureMessages":[],"fullName":"State Machine & Transition Validity Integrity Tests Inventory Supply Chain Status State Machine blocks approveAndShipTransfer if order status is not pending","invocations":1,"location":null,"numPassingAsserts":2,"retryReasons":[],"startAt":1779986394573,"status":"passed","title":"blocks approveAndShipTransfer if order status is not pending"},{"ancestorTitles":["State Machine & Transition Validity Integrity Tests","Inventory Supply Chain Status State Machine"],"duration":1,"failing":false,"failureDetails":[],"failureMessages":[],"fullName":"State Machine & Transition Validity Integrity Tests Inventory Supply Chain Status State Machine blocks confirmTransferReceipt if order status is not shipped","invocations":1,"location":null,"numPassingAsserts":2,"retryReasons":[],"startAt":1779986394574,"status":"passed","title":"blocks confirmTransferReceipt if order status is not shipped"}],"endTime":1779986394576,"message":"","name":"D:\\Antigravity\\Projects\\BELLA SPA ERP\\src\\__tests__\\state-machine.test.ts","startTime":1779986394322,"status":"passed","summary":""},{"assertionResults":[{"ancestorTitles":["resolveKtvCommission"],"duration":1,"failing":false,"failureDetails":[],"failureMessages":[],"fullName":"resolveKtvCommission should use ktv_commission if present directly on booking","invocations":1,"location":null,"numPassingAsserts":1,"retryReasons":[],"startAt":1779986394582,"status":"passed","title":"should use ktv_commission if present directly on booking"},{"ancestorTitles":["resolveKtvCommission"],"duration":1,"failing":false,"failureDetails":[],"failureMessages":[],"fullName":"resolveKtvCommission should fallback to package commission if direct booking commission is missing","invocations":1,"location":null,"numPassingAsserts":1,"retryReasons":[],"startAt":1779986394583,"status":"passed","title":"should fallback to package commission if direct booking commission is missing"},{"ancestorTitles":["resolveKtvCommission"],"duration":0,"failing":false,"failureDetails":[],"failureMessages":[],"fullName":"resolveKtvCommission should fallback to default (150000) if both direct and package commission are missing","invocations":1,"location":null,"numPassingAsserts":1,"retryReasons":[],"startAt":1779986394584,"status":"passed","title":"should fallback to default (150000) if both direct and package commission are missing"},{"ancestorTitles":["resolveKtvCommission"],"duration":0,"failing":false,"failureDetails":[],"failureMessages":[],"fullName":"resolveKtvCommission should handle undefined or null booking by falling back to default","invocations":1,"location":null,"numPassingAsserts":2,"retryReasons":[],"startAt":1779986394584,"status":"passed","title":"should handle undefined or null booking by falling back to default"}],"endTime":1779986394585,"message":"","name":"D:\\Antigravity\\Projects\\BELLA SPA ERP\\src\\__tests__\\booking.test.ts","startTime":1779986394396,"status":"passed","summary":""},{"assertionResults":[{"ancestorTitles":["calculateSalaryDetails — Rating Bonus"],"duration":1,"failing":false,"failureDetails":[],"failureMessages":[],"fullName":"calculateSalaryDetails — Rating Bonus 5-star rating gives max bonus (50,000đ) per session","invocations":1,"location":null,"numPassingAsserts":2,"retryReasons":[],"startAt":1779986394582,"status":"passed","title":"5-star rating gives max bonus (50,000đ) per session"},{"ancestorTitles":["calculateSalaryDetails — Rating Bonus"],"duration":0,"failing":false,"failureDetails":[],"failureMessages":[],"fullName":"calculateSalaryDetails — Rating Bonus 4.5-star rating gives mid bonus (30,000đ) per session","invocations":1,"location":null,"numPassingAsserts":2,"retryReasons":[],"startAt":1779986394583,"status":"passed","title":"4.5-star rating gives mid bonus (30,000đ) per session"},{"ancestorTitles":["calculateSalaryDetails — Rating Bonus"],"duration":1,"failing":false,"failureDetails":[],"failureMessages":[],"fullName":"calculateSalaryDetails — Rating Bonus 4.0-star rating gives low bonus (10,000đ) per session","invocations":1,"location":null,"numPassingAsserts":2,"retryReasons":[],"startAt":1779986394583,"status":"passed","title":"4.0-star rating gives low bonus (10,000đ) per session"},{"ancestorTitles":["calculateSalaryDetails — Rating Bonus"],"duration":0,"failing":false,"failureDetails":[],"failureMessages":[],"fullName":"calculateSalaryDetails — Rating Bonus Below 4-star rating gives 0 bonus per session","invocations":1,"location":null,"numPassingAsserts":2,"retryReasons":[],"startAt":1779986394584,"status":"passed","title":"Below 4-star rating gives 0 bonus per session"},{"ancestorTitles":["calculateSalaryDetails — Rating Bonus"],"duration":0,"failing":false,"failureDetails":[],"failureMessages":[],"fullName":"calculateSalaryDetails — Rating Bonus Null rating (chưa có review hoặc chấm công nào trong tháng) gives 0 bonus","invocations":1,"location":null,"numPassingAsserts":2,"retryReasons":[],"startAt":1779986394584,"status":"passed","title":"Null rating (chưa có review hoặc chấm công nào trong tháng) gives 0 bonus"},{"ancestorTitles":["calculateSalaryDetails — KPI Bonus"],"duration":1,"failing":false,"failureDetails":[],"failureMessages":[],"fullName":"calculateSalaryDetails — KPI Bonus KTV đạt đúng target (30 ca) nhận KPI bonus","invocations":1,"location":null,"numPassingAsserts":1,"retryReasons":[],"startAt":1779986394584,"status":"passed","title":"KTV đạt đúng target (30 ca) nhận KPI bonus"},{"ancestorTitles":["calculateSalaryDetails — KPI Bonus"],"duration":0,"failing":false,"failureDetails":[],"failureMessages":[],"fullName":"calculateSalaryDetails — KPI Bonus KTV dưới target (29 ca) không nhận KPI bonus","invocations":1,"location":null,"numPassingAsserts":1,"retryReasons":[],"startAt":1779986394585,"status":"passed","title":"KTV dưới target (29 ca) không nhận KPI bonus"},{"ancestorTitles":["calculateSalaryDetails — KPI Bonus"],"duration":0,"failing":false,"failureDetails":[],"failureMessages":[],"fullName":"calculateSalaryDetails — KPI Bonus KPI bonus được override bởi existingKpiBonus","invocations":1,"location":null,"numPassingAsserts":1,"retryReasons":[],"startAt":1779986394585,"status":"passed","title":"KPI bonus được override bởi existingKpiBonus"},{"ancestorTitles":["calculateSalaryDetails — Total Salary"],"duration":0,"failing":false,"failureDetails":[],"failureMessages":[],"fullName":"calculateSalaryDetails — Total Salary Tổng lương tính đúng: base + session + rating + kpi - deductions - advances","invocations":1,"location":null,"numPassingAsserts":1,"retryReasons":[],"startAt":1779986394585,"status":"passed","title":"Tổng lương tính đúng: base + session + rating + kpi - deductions - advances"},{"ancestorTitles":["calculateSalaryDetails — Total Salary"],"duration":1,"failing":false,"failureDetails":[],"failureMessages":[],"fullName":"calculateSalaryDetails — Total Salary Tổng lương không âm — luôn >= 0","invocations":1,"location":null,"numPassingAsserts":1,"retryReasons":[],"startAt":1779986394585,"status":"passed","title":"Tổng lương không âm — luôn >= 0"},{"ancestorTitles":["calculateSalaryDetails — Total Salary"],"duration":0,"failing":false,"failureDetails":[],"failureMessages":[],"fullName":"calculateSalaryDetails — Total Salary Violations deduction giảm lương đúng","invocations":1,"location":null,"numPassingAsserts":1,"retryReasons":[],"startAt":1779986394586,"status":"passed","title":"Violations deduction giảm lương đúng"}],"endTime":1779986394587,"message":"","name":"D:\\Antigravity\\Projects\\BELLA SPA ERP\\src\\__tests__\\kpi-calculator.test.ts","startTime":1779986394402,"status":"passed","summary":""},{"assertionResults":[{"ancestorTitles":["calculateCustomerRating"],"duration":1,"failing":false,"failureDetails":[],"failureMessages":[],"fullName":"calculateCustomerRating returns null when no reviews","invocations":1,"location":null,"numPassingAsserts":1,"retryReasons":[],"startAt":1779986394575,"status":"passed","title":"returns null when no reviews"},{"ancestorTitles":["calculateCustomerRating"],"duration":0,"failing":false,"failureDetails":[],"failureMessages":[],"fullName":"calculateCustomerRating averages multiple ratings","invocations":1,"location":null,"numPassingAsserts":1,"retryReasons":[],"startAt":1779986394577,"status":"passed","title":"averages multiple ratings"},{"ancestorTitles":["calculateCustomerRating"],"duration":0,"failing":false,"failureDetails":[],"failureMessages":[],"fullName":"calculateCustomerRating rounds to 2 decimals","invocations":1,"location":null,"numPassingAsserts":1,"retryReasons":[],"startAt":1779986394577,"status":"passed","title":"rounds to 2 decimals"},{"ancestorTitles":["calculateDisciplineScore — streak penalty ladder"],"duration":0,"failing":false,"failureDetails":[],"failureMessages":[],"fullName":"calculateDisciplineScore — streak penalty ladder clean record stays at 5.0","invocations":1,"location":null,"numPassingAsserts":2,"retryReasons":[],"startAt":1779986394578,"status":"passed","title":"clean record stays at 5.0"},{"ancestorTitles":["calculateDisciplineScore — streak penalty ladder"],"duration":0,"failing":false,"failureDetails":[],"failureMessages":[],"fullName":"calculateDisciplineScore — streak penalty ladder 1 late day → 4.7","invocations":1,"location":null,"numPassingAsserts":2,"retryReasons":[],"startAt":1779986394579,"status":"passed","title":"1 late day → 4.7"},{"ancestorTitles":["calculateDisciplineScore — streak penalty ladder"],"duration":1,"failing":false,"failureDetails":[],"failureMessages":[],"fullName":"calculateDisciplineScore — streak penalty ladder 2 consecutive late → 4.3","invocations":1,"location":null,"numPassingAsserts":2,"retryReasons":[],"startAt":1779986394579,"status":"passed","title":"2 consecutive late → 4.3"},{"ancestorTitles":["calculateDisciplineScore — streak penalty ladder"],"duration":0,"failing":false,"failureDetails":[],"failureMessages":[],"fullName":"calculateDisciplineScore — streak penalty ladder 3 consecutive late → 3.7","invocations":1,"location":null,"numPassingAsserts":2,"retryReasons":[],"startAt":1779986394580,"status":"passed","title":"3 consecutive late → 3.7"},{"ancestorTitles":["calculateDisciplineScore — streak penalty ladder"],"duration":1,"failing":false,"failureDetails":[],"failureMessages":[],"fullName":"calculateDisciplineScore — streak penalty ladder 4 consecutive late → 3.0 (cap)","invocations":1,"location":null,"numPassingAsserts":2,"retryReasons":[],"startAt":1779986394580,"status":"passed","title":"4 consecutive late → 3.0 (cap)"},{"ancestorTitles":["calculateDisciplineScore — streak penalty ladder"],"duration":1,"failing":false,"failureDetails":[],"failureMessages":[],"fullName":"calculateDisciplineScore — streak penalty ladder 5 consecutive late stays at 3.0 (no double-penalty on streak)","invocations":1,"location":null,"numPassingAsserts":1,"retryReasons":[],"startAt":1779986394581,"status":"passed","title":"5 consecutive late stays at 3.0 (no double-penalty on streak)"},{"ancestorTitles":["calculateDisciplineScore — isolated late days"],"duration":0,"failing":false,"failureDetails":[],"failureMessages":[],"fullName":"calculateDisciplineScore — isolated late days 1 streak of 2 + 1 isolated late = -0.7 - 0.2 = 4.1","invocations":1,"location":null,"numPassingAsserts":3,"retryReasons":[],"startAt":1779986394582,"status":"passed","title":"1 streak of 2 + 1 isolated late = -0.7 - 0.2 = 4.1"},{"ancestorTitles":["calculateDisciplineScore — isolated late days"],"duration":1,"failing":false,"failureDetails":[],"failureMessages":[],"fullName":"calculateDisciplineScore — isolated late days 5 late days, all isolated by presents → max streak 1, 4 isolated → 4.7 - 0.8 = 3.9","invocations":1,"location":null,"numPassingAsserts":3,"retryReasons":[],"startAt":1779986394582,"status":"passed","title":"5 late days, all isolated by presents → max streak 1, 4 isolated → 4.7 - 0.8 = 3.9"},{"ancestorTitles":["calculateDisciplineScore — absent days"],"duration":1,"failing":false,"failureDetails":[],"failureMessages":[],"fullName":"calculateDisciplineScore — absent days 1 absent → -1.0 → 4.0","invocations":1,"location":null,"numPassingAsserts":2,"retryReasons":[],"startAt":1779986394583,"status":"passed","title":"1 absent → -1.0 → 4.0"},{"ancestorTitles":["calculateDisciplineScore — absent days"],"duration":0,"failing":false,"failureDetails":[],"failureMessages":[],"fullName":"calculateDisciplineScore — absent days 3 absents + 1 streak-of-3 late → 5 - 1.3 - 3.0 = 0.7 → floored at 1.0","invocations":1,"location":null,"numPassingAsserts":1,"retryReasons":[],"startAt":1779986394584,"status":"passed","title":"3 absents + 1 streak-of-3 late → 5 - 1.3 - 3.0 = 0.7 → floored at 1.0"},{"ancestorTitles":["calculateDisciplineScore — absent days"],"duration":0,"failing":false,"failureDetails":[],"failureMessages":[],"fullName":"calculateDisciplineScore — absent days floor never goes below 1.0 no matter how bad","invocations":1,"location":null,"numPassingAsserts":1,"retryReasons":[],"startAt":1779986394584,"status":"passed","title":"floor never goes below 1.0 no matter how bad"},{"ancestorTitles":["calculateCompositeRating — 60/40 blend"],"duration":1,"failing":false,"failureDetails":[],"failureMessages":[],"fullName":"calculateCompositeRating — 60/40 blend no sessions + no attendance → composite null","invocations":1,"location":null,"numPassingAsserts":3,"retryReasons":[],"startAt":1779986394584,"status":"passed","title":"no sessions + no attendance → composite null"},{"ancestorTitles":["calculateCompositeRating — 60/40 blend"],"duration":0,"failing":false,"failureDetails":[],"failureMessages":[],"fullName":"calculateCompositeRating — 60/40 blend attendance but no customer review → composite = discipline only","invocations":1,"location":null,"numPassingAsserts":3,"retryReasons":[],"startAt":1779986394585,"status":"passed","title":"attendance but no customer review → composite = discipline only"},{"ancestorTitles":["calculateCompositeRating — 60/40 blend"],"duration":0,"failing":false,"failureDetails":[],"failureMessages":[],"fullName":"calculateCompositeRating — 60/40 blend perfect customer + clean attendance → 5.0","invocations":1,"location":null,"numPassingAsserts":3,"retryReasons":[],"startAt":1779986394585,"status":"passed","title":"perfect customer + clean attendance → 5.0"},{"ancestorTitles":["calculateCompositeRating — 60/40 blend"],"duration":0,"failing":false,"failureDetails":[],"failureMessages":[],"fullName":"calculateCompositeRating — 60/40 blend 4-star customer + 2-streak late → 0.6*4 + 0.4*4.3 = 2.4 + 1.72 = 4.12","invocations":1,"location":null,"numPassingAsserts":3,"retryReasons":[],"startAt":1779986394586,"status":"passed","title":"4-star customer + 2-streak late → 0.6*4 + 0.4*4.3 = 2.4 + 1.72 = 4.12"},{"ancestorTitles":["calculateCompositeRating — 60/40 blend"],"duration":0,"failing":false,"failureDetails":[],"failureMessages":[],"fullName":"calculateCompositeRating — 60/40 blend 5-star customer but 4-streak late → 0.6*5 + 0.4*3 = 4.2","invocations":1,"location":null,"numPassingAsserts":2,"retryReasons":[],"startAt":1779986394586,"status":"passed","title":"5-star customer but 4-streak late → 0.6*5 + 0.4*3 = 4.2"},{"ancestorTitles":["calculateCompositeRating — 60/40 blend"],"duration":1,"failing":false,"failureDetails":[],"failureMessages":[],"fullName":"calculateCompositeRating — 60/40 blend 3-star customer + 3 absents → 0.6*3 + 0.4*2 = 1.8 + 0.8 = 2.6","invocations":1,"location":null,"numPassingAsserts":3,"retryReasons":[],"startAt":1779986394586,"status":"passed","title":"3-star customer + 3 absents → 0.6*3 + 0.4*2 = 1.8 + 0.8 = 2.6"}],"endTime":1779986394587,"message":"","name":"D:\\Antigravity\\Projects\\BELLA SPA ERP\\src\\__tests__\\ktv-rating.test.ts","startTime":1779986394380,"status":"passed","summary":""}],"wasInterrupted":false}
