{"numFailedTestSuites":0,"numFailedTests":0,"numPassedTestSuites":26,"numPassedTests":195,"numPendingTestSuites":0,"numPendingTests":0,"numRuntimeErrorTestSuites":0,"numTodoTests":0,"numTotalTestSuites":26,"numTotalTests":195,"openHandles":[],"snapshot":{"added":0,"didUpdate":false,"failure":false,"filesAdded":0,"filesRemoved":0,"filesRemovedList":[],"filesUnmatched":0,"filesUpdated":0,"matched":0,"total":0,"unchecked":0,"uncheckedKeysByFile":[],"unmatched":0,"updated":0},"startTime":1779773266027,"success":true,"testResults":[{"assertionResults":[{"ancestorTitles":["Internal Supply Chain & Inventory Transfer Order System","createInventoryRequest"],"duration":11,"failing":false,"failureDetails":[],"failureMessages":[],"fullName":"Internal Supply Chain & Inventory Transfer Order System createInventoryRequest should return error if requested items list is empty","invocations":1,"location":null,"numPassingAsserts":2,"retryReasons":[],"startAt":1779773268199,"status":"passed","title":"should return error if requested items list is empty"},{"ancestorTitles":["Internal Supply Chain & Inventory Transfer Order System","createInventoryRequest"],"duration":2,"failing":false,"failureDetails":[],"failureMessages":[],"fullName":"Internal Supply Chain & Inventory Transfer Order System createInventoryRequest should return error if user is not logged in","invocations":1,"location":null,"numPassingAsserts":2,"retryReasons":[],"startAt":1779773268211,"status":"passed","title":"should return error if user is not logged in"},{"ancestorTitles":["Internal Supply Chain & Inventory Transfer Order System","createInventoryRequest"],"duration":7,"failing":false,"failureDetails":[],"failureMessages":[],"fullName":"Internal Supply Chain & Inventory Transfer Order System createInventoryRequest should successfully create a pending transfer order with order number","invocations":1,"location":null,"numPassingAsserts":9,"retryReasons":[],"startAt":1779773268213,"status":"passed","title":"should successfully create a pending transfer order with order number"},{"ancestorTitles":["Internal Supply Chain & Inventory Transfer Order System","getInventoryTransferOrders"],"duration":10,"failing":false,"failureDetails":[],"failureMessages":[],"fullName":"Internal Supply Chain & Inventory Transfer Order System getInventoryTransferOrders should return all transfer orders for HQ Admin without tenant isolation","invocations":1,"location":null,"numPassingAsserts":3,"retryReasons":[],"startAt":1779773268221,"status":"passed","title":"should return all transfer orders for HQ Admin without tenant isolation"},{"ancestorTitles":["Internal Supply Chain & Inventory Transfer Order System","getInventoryTransferOrders"],"duration":2,"failing":false,"failureDetails":[],"failureMessages":[],"fullName":"Internal Supply Chain & Inventory Transfer Order System getInventoryTransferOrders should filter results by tenant_id for Branch Admins enforcing tenant isolation","invocations":1,"location":null,"numPassingAsserts":3,"retryReasons":[],"startAt":1779773268231,"status":"passed","title":"should filter results by tenant_id for Branch Admins enforcing tenant isolation"},{"ancestorTitles":["Internal Supply Chain & Inventory Transfer Order System","getInventoryTransferOrders"],"duration":1,"failing":false,"failureDetails":[],"failureMessages":[],"fullName":"Internal Supply Chain & Inventory Transfer Order System getInventoryTransferOrders should return empty list if user is not logged in","invocations":1,"location":null,"numPassingAsserts":1,"retryReasons":[],"startAt":1779773268233,"status":"passed","title":"should return empty list if user is not logged in"},{"ancestorTitles":["Internal Supply Chain & Inventory Transfer Order System","approveAndShipTransfer"],"duration":2,"failing":false,"failureDetails":[],"failureMessages":[],"fullName":"Internal Supply Chain & Inventory Transfer Order System approveAndShipTransfer should reject if carrier or tracking number is missing","invocations":1,"location":null,"numPassingAsserts":4,"retryReasons":[],"startAt":1779773268234,"status":"passed","title":"should reject if carrier or tracking number is missing"},{"ancestorTitles":["Internal Supply Chain & Inventory Transfer Order System","approveAndShipTransfer"],"duration":1,"failing":false,"failureDetails":[],"failureMessages":[],"fullName":"Internal Supply Chain & Inventory Transfer Order System approveAndShipTransfer should block non-HQ Admins from shipping orders","invocations":1,"location":null,"numPassingAsserts":2,"retryReasons":[],"startAt":1779773268237,"status":"passed","title":"should block non-HQ Admins from shipping orders"},{"ancestorTitles":["Internal Supply Chain & Inventory Transfer Order System","approveAndShipTransfer"],"duration":1,"failing":false,"failureDetails":[],"failureMessages":[],"fullName":"Internal Supply Chain & Inventory Transfer Order System approveAndShipTransfer should fail if the transfer order does not exist","invocations":1,"location":null,"numPassingAsserts":2,"retryReasons":[],"startAt":1779773268238,"status":"passed","title":"should fail if the transfer order does not exist"},{"ancestorTitles":["Internal Supply Chain & Inventory Transfer Order System","approveAndShipTransfer"],"duration":1,"failing":false,"failureDetails":[],"failureMessages":[],"fullName":"Internal Supply Chain & Inventory Transfer Order System approveAndShipTransfer should fail if order is not in pending status","invocations":1,"location":null,"numPassingAsserts":2,"retryReasons":[],"startAt":1779773268239,"status":"passed","title":"should fail if order is not in pending status"},{"ancestorTitles":["Internal Supply Chain & Inventory Transfer Order System","approveAndShipTransfer"],"duration":1,"failing":false,"failureDetails":[],"failureMessages":[],"fullName":"Internal Supply Chain & Inventory Transfer Order System approveAndShipTransfer should fail if HQ inventory has insufficient stock","invocations":1,"location":null,"numPassingAsserts":3,"retryReasons":[],"startAt":1779773268241,"status":"passed","title":"should fail if HQ inventory has insufficient stock"},{"ancestorTitles":["Internal Supply Chain & Inventory Transfer Order System","approveAndShipTransfer"],"duration":51,"failing":false,"failureDetails":[],"failureMessages":[],"fullName":"Internal Supply Chain & Inventory Transfer Order System approveAndShipTransfer should successfully approve and ship: decrement HQ stock, write audit log, update status, and track shipment","invocations":1,"location":null,"numPassingAsserts":12,"retryReasons":[],"startAt":1779773268242,"status":"passed","title":"should successfully approve and ship: decrement HQ stock, write audit log, update status, and track shipment"},{"ancestorTitles":["Internal Supply Chain & Inventory Transfer Order System","confirmTransferReceipt"],"duration":8,"failing":false,"failureDetails":[],"failureMessages":[],"fullName":"Internal Supply Chain & Inventory Transfer Order System confirmTransferReceipt should reject if user is not logged in","invocations":1,"location":null,"numPassingAsserts":2,"retryReasons":[],"startAt":1779773268293,"status":"passed","title":"should reject if user is not logged in"},{"ancestorTitles":["Internal Supply Chain & Inventory Transfer Order System","confirmTransferReceipt"],"duration":1,"failing":false,"failureDetails":[],"failureMessages":[],"fullName":"Internal Supply Chain & Inventory Transfer Order System confirmTransferReceipt should reject if transfer order does not exist","invocations":1,"location":null,"numPassingAsserts":2,"retryReasons":[],"startAt":1779773268301,"status":"passed","title":"should reject if transfer order does not exist"},{"ancestorTitles":["Internal Supply Chain & Inventory Transfer Order System","confirmTransferReceipt"],"duration":1,"failing":false,"failureDetails":[],"failureMessages":[],"fullName":"Internal Supply Chain & Inventory Transfer Order System confirmTransferReceipt should block if a different branch admin tries to confirm receipt (tenant isolation)","invocations":1,"location":null,"numPassingAsserts":2,"retryReasons":[],"startAt":1779773268302,"status":"passed","title":"should block if a different branch admin tries to confirm receipt (tenant isolation)"},{"ancestorTitles":["Internal Supply Chain & Inventory Transfer Order System","confirmTransferReceipt"],"duration":1,"failing":false,"failureDetails":[],"failureMessages":[],"fullName":"Internal Supply Chain & Inventory Transfer Order System confirmTransferReceipt should block if order is not in shipped status","invocations":1,"location":null,"numPassingAsserts":2,"retryReasons":[],"startAt":1779773268303,"status":"passed","title":"should block if order is not in shipped status"},{"ancestorTitles":["Internal Supply Chain & Inventory Transfer Order System","confirmTransferReceipt"],"duration":2,"failing":false,"failureDetails":[],"failureMessages":[],"fullName":"Internal Supply Chain & Inventory Transfer Order System confirmTransferReceipt should increment existing item stock and record audit logs for branch on receipt","invocations":1,"location":null,"numPassingAsserts":9,"retryReasons":[],"startAt":1779773268304,"status":"passed","title":"should increment existing item stock and record audit logs for branch on receipt"},{"ancestorTitles":["Internal Supply Chain & Inventory Transfer Order System","confirmTransferReceipt"],"duration":3,"failing":false,"failureDetails":[],"failureMessages":[],"fullName":"Internal Supply Chain & Inventory Transfer Order System confirmTransferReceipt should automatically initialize new inventory item at the branch if it does not exist","invocations":1,"location":null,"numPassingAsserts":11,"retryReasons":[],"startAt":1779773268306,"status":"passed","title":"should automatically initialize new inventory item at the branch if it does not exist"},{"ancestorTitles":["Internal Supply Chain & Inventory Transfer Order System","cancelTransferOrder"],"duration":1,"failing":false,"failureDetails":[],"failureMessages":[],"fullName":"Internal Supply Chain & Inventory Transfer Order System cancelTransferOrder should allow Branch Admin to cancel their own pending request","invocations":1,"location":null,"numPassingAsserts":4,"retryReasons":[],"startAt":1779773268310,"status":"passed","title":"should allow Branch Admin to cancel their own pending request"},{"ancestorTitles":["Internal Supply Chain & Inventory Transfer Order System","cancelTransferOrder"],"duration":1,"failing":false,"failureDetails":[],"failureMessages":[],"fullName":"Internal Supply Chain & Inventory Transfer Order System cancelTransferOrder should reject branch cancellation if order is not in pending status","invocations":1,"location":null,"numPassingAsserts":2,"retryReasons":[],"startAt":1779773268311,"status":"passed","title":"should reject branch cancellation if order is not in pending status"},{"ancestorTitles":["Internal Supply Chain & Inventory Transfer Order System","cancelTransferOrder"],"duration":1,"failing":false,"failureDetails":[],"failureMessages":[],"fullName":"Internal Supply Chain & Inventory Transfer Order System cancelTransferOrder should block branch admin from cancelling other branches' orders (tenant isolation)","invocations":1,"location":null,"numPassingAsserts":2,"retryReasons":[],"startAt":1779773268312,"status":"passed","title":"should block branch admin from cancelling other branches' orders (tenant isolation)"},{"ancestorTitles":["Internal Supply Chain & Inventory Transfer Order System","cancelTransferOrder"],"duration":1,"failing":false,"failureDetails":[],"failureMessages":[],"fullName":"Internal Supply Chain & Inventory Transfer Order System cancelTransferOrder should allow HQ Admin to reject/cancel a branch's order even if from a different tenant","invocations":1,"location":null,"numPassingAsserts":3,"retryReasons":[],"startAt":1779773268313,"status":"passed","title":"should allow HQ Admin to reject/cancel a branch's order even if from a different tenant"}],"endTime":1779773268318,"message":"","name":"D:\\Antigravity\\Projects\\BELLA SPA ERP\\src\\__tests__\\inventory-transfer.test.ts","startTime":1779773267084,"status":"passed","summary":""},{"assertionResults":[{"ancestorTitles":["AccountingEngineService.postJournalEntry"],"duration":14,"failing":false,"failureDetails":[],"failureMessages":[],"fullName":"AccountingEngineService.postJournalEntry posts a balanced entry and returns the entry id","invocations":1,"location":null,"numPassingAsserts":6,"retryReasons":[],"startAt":1779773268262,"status":"passed","title":"posts a balanced entry and returns the entry id"},{"ancestorTitles":["AccountingEngineService.postJournalEntry"],"duration":70,"failing":false,"failureDetails":[],"failureMessages":[],"fullName":"AccountingEngineService.postJournalEntry throws on unbalanced entry (app-layer check before DB)","invocations":1,"location":null,"numPassingAsserts":2,"retryReasons":[],"startAt":1779773268277,"status":"passed","title":"throws on unbalanced entry (app-layer check before DB)"},{"ancestorTitles":["AccountingEngineService.postJournalEntry"],"duration":2,"failing":false,"failureDetails":[],"failureMessages":[],"fullName":"AccountingEngineService.postJournalEntry throws on zero-total entry","invocations":1,"location":null,"numPassingAsserts":1,"retryReasons":[],"startAt":1779773268348,"status":"passed","title":"throws on zero-total entry"},{"ancestorTitles":["AccountingEngineService.postJournalEntry"],"duration":1,"failing":false,"failureDetails":[],"failureMessages":[],"fullName":"AccountingEngineService.postJournalEntry propagates header insert error","invocations":1,"location":null,"numPassingAsserts":1,"retryReasons":[],"startAt":1779773268350,"status":"passed","title":"propagates header insert error"},{"ancestorTitles":["AccountingEngineService.postJournalEntry"],"duration":3,"failing":false,"failureDetails":[],"failureMessages":[],"fullName":"AccountingEngineService.postJournalEntry rolls back header when lines insert fails","invocations":1,"location":null,"numPassingAsserts":3,"retryReasons":[],"startAt":1779773268351,"status":"passed","title":"rolls back header when lines insert fails"},{"ancestorTitles":["AccountingEngineService.postJournalEntry"],"duration":1,"failing":false,"failureDetails":[],"failureMessages":[],"fullName":"AccountingEngineService.postJournalEntry propagates POST update error","invocations":1,"location":null,"numPassingAsserts":1,"retryReasons":[],"startAt":1779773268354,"status":"passed","title":"propagates POST update error"},{"ancestorTitles":["RevenueRecognitionService.handlePackageSale"],"duration":4,"failing":false,"failureDetails":[],"failureMessages":[],"fullName":"RevenueRecognitionService.handlePackageSale produces a balanced 3-line entry with VAT (Nợ 111 / Có 3387 + Có 3331)","invocations":1,"location":null,"numPassingAsserts":4,"retryReasons":[],"startAt":1779773268355,"status":"passed","title":"produces a balanced 3-line entry with VAT (Nợ 111 / Có 3387 + Có 3331)"},{"ancestorTitles":["RevenueRecognitionService.handlePackageSale"],"duration":2,"failing":false,"failureDetails":[],"failureMessages":[],"fullName":"RevenueRecognitionService.handlePackageSale produces a 2-line entry without VAT","invocations":1,"location":null,"numPassingAsserts":3,"retryReasons":[],"startAt":1779773268359,"status":"passed","title":"produces a 2-line entry without VAT"},{"ancestorTitles":["RevenueRecognitionService.handlePackageSale"],"duration":5,"failing":false,"failureDetails":[],"failureMessages":[],"fullName":"RevenueRecognitionService.handlePackageSale throws clear error when account code missing in COA","invocations":1,"location":null,"numPassingAsserts":1,"retryReasons":[],"startAt":1779773268361,"status":"passed","title":"throws clear error when account code missing in COA"},{"ancestorTitles":["RevenueRecognitionService.handleSessionDone"],"duration":3,"failing":false,"failureDetails":[],"failureMessages":[],"fullName":"RevenueRecognitionService.handleSessionDone produces a balanced 4-line entry (revenue recog + KTV commission)","invocations":1,"location":null,"numPassingAsserts":5,"retryReasons":[],"startAt":1779773268367,"status":"passed","title":"produces a balanced 4-line entry (revenue recog + KTV commission)"},{"ancestorTitles":["RevenueRecognitionService.handleSessionDone"],"duration":1,"failing":false,"failureDetails":[],"failureMessages":[],"fullName":"RevenueRecognitionService.handleSessionDone returns null when both revenue and commission are zero","invocations":1,"location":null,"numPassingAsserts":2,"retryReasons":[],"startAt":1779773268371,"status":"passed","title":"returns null when both revenue and commission are zero"}],"endTime":1779773268375,"message":"","name":"D:\\Antigravity\\Projects\\BELLA SPA ERP\\src\\__tests__\\accounting-engine.test.ts","startTime":1779773267148,"status":"passed","summary":""},{"assertionResults":[{"ancestorTitles":["Franchise Royalty System","getFranchiseRoyaltyInvoices"],"duration":12,"failing":false,"failureDetails":[],"failureMessages":[],"fullName":"Franchise Royalty System getFranchiseRoyaltyInvoices should return all royalty invoices for HQ Admin (no tenant isolation)","invocations":1,"location":null,"numPassingAsserts":2,"retryReasons":[],"startAt":1779773268293,"status":"passed","title":"should return all royalty invoices for HQ Admin (no tenant isolation)"},{"ancestorTitles":["Franchise Royalty System","getFranchiseRoyaltyInvoices"],"duration":10,"failing":false,"failureDetails":[],"failureMessages":[],"fullName":"Franchise Royalty System getFranchiseRoyaltyInvoices should filter by tenant_id for Branch Admin (tenant isolation enforced)","invocations":1,"location":null,"numPassingAsserts":2,"retryReasons":[],"startAt":1779773268306,"status":"passed","title":"should filter by tenant_id for Branch Admin (tenant isolation enforced)"},{"ancestorTitles":["Franchise Royalty System","getFranchiseRoyaltyInvoices"],"duration":52,"failing":false,"failureDetails":[],"failureMessages":[],"fullName":"Franchise Royalty System getFranchiseRoyaltyInvoices should return an empty array if the user is not logged in","invocations":1,"location":null,"numPassingAsserts":1,"retryReasons":[],"startAt":1779773268316,"status":"passed","title":"should return an empty array if the user is not logged in"},{"ancestorTitles":["Franchise Royalty System","payFranchiseRoyaltyInvoice"],"duration":51,"failing":false,"failureDetails":[],"failureMessages":[],"fullName":"Franchise Royalty System payFranchiseRoyaltyInvoice should allow gạch nợ payment if user is HQ Admin","invocations":1,"location":null,"numPassingAsserts":2,"retryReasons":[],"startAt":1779773268369,"status":"passed","title":"should allow gạch nợ payment if user is HQ Admin"},{"ancestorTitles":["Franchise Royalty System","payFranchiseRoyaltyInvoice"],"duration":10,"failing":false,"failureDetails":[],"failureMessages":[],"fullName":"Franchise Royalty System payFranchiseRoyaltyInvoice should allow payment if user is Branch Admin of the same tenant","invocations":1,"location":null,"numPassingAsserts":2,"retryReasons":[],"startAt":1779773268420,"status":"passed","title":"should allow payment if user is Branch Admin of the same tenant"},{"ancestorTitles":["Franchise Royalty System","payFranchiseRoyaltyInvoice"],"duration":3,"failing":false,"failureDetails":[],"failureMessages":[],"fullName":"Franchise Royalty System payFranchiseRoyaltyInvoice should block payment and enforce tenant isolation if user is Branch Admin of a DIFFERENT tenant","invocations":1,"location":null,"numPassingAsserts":3,"retryReasons":[],"startAt":1779773268430,"status":"passed","title":"should block payment and enforce tenant isolation if user is Branch Admin of a DIFFERENT tenant"},{"ancestorTitles":["Franchise Royalty System","updateFranchiseRoyaltyConfig"],"duration":3,"failing":false,"failureDetails":[],"failureMessages":[],"fullName":"Franchise Royalty System updateFranchiseRoyaltyConfig should allow HQ Admin to update branch royalty configs","invocations":1,"location":null,"numPassingAsserts":2,"retryReasons":[],"startAt":1779773268433,"status":"passed","title":"should allow HQ Admin to update branch royalty configs"},{"ancestorTitles":["Franchise Royalty System","updateFranchiseRoyaltyConfig"],"duration":3,"failing":false,"failureDetails":[],"failureMessages":[],"fullName":"Franchise Royalty System updateFranchiseRoyaltyConfig should block non-HQ Admin from updating configs","invocations":1,"location":null,"numPassingAsserts":3,"retryReasons":[],"startAt":1779773268437,"status":"passed","title":"should block non-HQ Admin from updating configs"},{"ancestorTitles":["Franchise Royalty System","simulateFranchiseRoyaltyPayment"],"duration":2,"failing":false,"failureDetails":[],"failureMessages":[],"fullName":"Franchise Royalty System simulateFranchiseRoyaltyPayment should call payFranchiseRoyaltyInvoice with VietQR Sandbox","invocations":1,"location":null,"numPassingAsserts":2,"retryReasons":[],"startAt":1779773268441,"status":"passed","title":"should call payFranchiseRoyaltyInvoice with VietQR Sandbox"},{"ancestorTitles":["Franchise Royalty System","lockMonth Royalty Integration"],"duration":4,"failing":false,"failureDetails":[],"failureMessages":[],"fullName":"Franchise Royalty System lockMonth Royalty Integration should calculate royalty based on percentage config and insert pending invoice","invocations":1,"location":null,"numPassingAsserts":2,"retryReasons":[],"startAt":1779773268444,"status":"passed","title":"should calculate royalty based on percentage config and insert pending invoice"},{"ancestorTitles":["Franchise Royalty System","lockMonth Royalty Integration"],"duration":3,"failing":false,"failureDetails":[],"failureMessages":[],"fullName":"Franchise Royalty System lockMonth Royalty Integration should calculate royalty based on fixed config and insert pending invoice","invocations":1,"location":null,"numPassingAsserts":2,"retryReasons":[],"startAt":1779773268448,"status":"passed","title":"should calculate royalty based on fixed config and insert pending invoice"},{"ancestorTitles":["Franchise Royalty System","lockMonth Royalty Integration"],"duration":2,"failing":false,"failureDetails":[],"failureMessages":[],"fullName":"Franchise Royalty System lockMonth Royalty Integration should upsert (update) existing pending invoice if not paid yet","invocations":1,"location":null,"numPassingAsserts":3,"retryReasons":[],"startAt":1779773268451,"status":"passed","title":"should upsert (update) existing pending invoice if not paid yet"},{"ancestorTitles":["Franchise Royalty System","lockMonth Royalty Integration"],"duration":19,"failing":false,"failureDetails":[],"failureMessages":[],"fullName":"Franchise Royalty System lockMonth Royalty Integration should NOT overwrite existing invoice if it has already been paid","invocations":1,"location":null,"numPassingAsserts":3,"retryReasons":[],"startAt":1779773268453,"status":"passed","title":"should NOT overwrite existing invoice if it has already been paid"}],"endTime":1779773268478,"message":"","name":"D:\\Antigravity\\Projects\\BELLA SPA ERP\\src\\__tests__\\franchise-royalty.test.ts","startTime":1779773267106,"status":"passed","summary":""},{"assertionResults":[{"ancestorTitles":["Accounting Core Reports & Server Actions","Chart of Accounts Manager"],"duration":14,"failing":false,"failureDetails":[],"failureMessages":[],"fullName":"Accounting Core Reports & Server Actions Chart of Accounts Manager fetches all active accounts for the current tenant","invocations":1,"location":null,"numPassingAsserts":3,"retryReasons":[],"startAt":1779773268327,"status":"passed","title":"fetches all active accounts for the current tenant"},{"ancestorTitles":["Accounting Core Reports & Server Actions","Chart of Accounts Manager"],"duration":4,"failing":false,"failureDetails":[],"failureMessages":[],"fullName":"Accounting Core Reports & Server Actions Chart of Accounts Manager creates a custom sub-account successfully","invocations":1,"location":null,"numPassingAsserts":3,"retryReasons":[],"startAt":1779773268342,"status":"passed","title":"creates a custom sub-account successfully"},{"ancestorTitles":["Accounting Core Reports & Server Actions","Chart of Accounts Manager"],"duration":70,"failing":false,"failureDetails":[],"failureMessages":[],"fullName":"Accounting Core Reports & Server Actions Chart of Accounts Manager throws error when creating account with parent from different tenant","invocations":1,"location":null,"numPassingAsserts":1,"retryReasons":[],"startAt":1779773268346,"status":"passed","title":"throws error when creating account with parent from different tenant"},{"ancestorTitles":["Accounting Core Reports & Server Actions","Manual Adjusting Entries"],"duration":52,"failing":false,"failureDetails":[],"failureMessages":[],"fullName":"Accounting Core Reports & Server Actions Manual Adjusting Entries creates a manual adjusting journal entry successfully","invocations":1,"location":null,"numPassingAsserts":3,"retryReasons":[],"startAt":1779773268417,"status":"passed","title":"creates a manual adjusting journal entry successfully"},{"ancestorTitles":["Accounting Core Reports & Server Actions","Journal Entry Reversal"],"duration":7,"failing":false,"failureDetails":[],"failureMessages":[],"fullName":"Accounting Core Reports & Server Actions Journal Entry Reversal creates a reversing posted entry (Nợ/Có swapped) and cancels original","invocations":1,"location":null,"numPassingAsserts":4,"retryReasons":[],"startAt":1779773268470,"status":"passed","title":"creates a reversing posted entry (Nợ/Có swapped) and cancels original"},{"ancestorTitles":["Accounting Core Reports & Server Actions","Journal Entry Reversal"],"duration":2,"failing":false,"failureDetails":[],"failureMessages":[],"fullName":"Accounting Core Reports & Server Actions Journal Entry Reversal throws error if original entry is not POSTED","invocations":1,"location":null,"numPassingAsserts":1,"retryReasons":[],"startAt":1779773268478,"status":"passed","title":"throws error if original entry is not POSTED"},{"ancestorTitles":["Accounting Core Reports & Server Actions","SQL Reports RPC Routing"],"duration":2,"failing":false,"failureDetails":[],"failureMessages":[],"fullName":"Accounting Core Reports & Server Actions SQL Reports RPC Routing routes getTrialBalanceReport to RPC get_trial_balance","invocations":1,"location":null,"numPassingAsserts":2,"retryReasons":[],"startAt":1779773268480,"status":"passed","title":"routes getTrialBalanceReport to RPC get_trial_balance"},{"ancestorTitles":["Accounting Core Reports & Server Actions","SQL Reports RPC Routing"],"duration":2,"failing":false,"failureDetails":[],"failureMessages":[],"fullName":"Accounting Core Reports & Server Actions SQL Reports RPC Routing routes getIncomeStatementReport to RPC get_income_statement","invocations":1,"location":null,"numPassingAsserts":2,"retryReasons":[],"startAt":1779773268487,"status":"passed","title":"routes getIncomeStatementReport to RPC get_income_statement"},{"ancestorTitles":["Accounting Core Reports & Server Actions","SQL Reports RPC Routing"],"duration":8,"failing":false,"failureDetails":[],"failureMessages":[],"fullName":"Accounting Core Reports & Server Actions SQL Reports RPC Routing routes getBalanceSheetReport to RPC get_balance_sheet","invocations":1,"location":null,"numPassingAsserts":2,"retryReasons":[],"startAt":1779773268489,"status":"passed","title":"routes getBalanceSheetReport to RPC get_balance_sheet"},{"ancestorTitles":["Accounting Core Reports & Server Actions","SQL Reports RPC Routing"],"duration":2,"failing":false,"failureDetails":[],"failureMessages":[],"fullName":"Accounting Core Reports & Server Actions SQL Reports RPC Routing routes getAccountLedgerReport to RPC get_account_ledger","invocations":1,"location":null,"numPassingAsserts":2,"retryReasons":[],"startAt":1779773268497,"status":"passed","title":"routes getAccountLedgerReport to RPC get_account_ledger"}],"endTime":1779773268501,"message":"","name":"D:\\Antigravity\\Projects\\BELLA SPA ERP\\src\\__tests__\\accounting-reports.test.ts","startTime":1779773267164,"status":"passed","summary":""},{"assertionResults":[{"ancestorTitles":["previewClosingEntries"],"duration":16,"failing":false,"failureDetails":[],"failureMessages":[],"fullName":"previewClosingEntries returns the 3-step preview from preview_closing_entries RPC","invocations":1,"location":null,"numPassingAsserts":2,"retryReasons":[],"startAt":1779773268419,"status":"passed","title":"returns the 3-step preview from preview_closing_entries RPC"},{"ancestorTitles":["previewClosingEntries"],"duration":42,"failing":false,"failureDetails":[],"failureMessages":[],"fullName":"previewClosingEntries rejects non-admin users (KTV)","invocations":1,"location":null,"numPassingAsserts":2,"retryReasons":[],"startAt":1779773268444,"status":"passed","title":"rejects non-admin users (KTV)"},{"ancestorTitles":["previewClosingEntries"],"duration":1,"failing":false,"failureDetails":[],"failureMessages":[],"fullName":"previewClosingEntries rejects users without tenant_id","invocations":1,"location":null,"numPassingAsserts":1,"retryReasons":[],"startAt":1779773268486,"status":"passed","title":"rejects users without tenant_id"},{"ancestorTitles":["previewClosingEntries"],"duration":1,"failing":false,"failureDetails":[],"failureMessages":[],"fullName":"previewClosingEntries propagates RPC errors (e.g., period not found)","invocations":1,"location":null,"numPassingAsserts":1,"retryReasons":[],"startAt":1779773268488,"status":"passed","title":"propagates RPC errors (e.g., period not found)"},{"ancestorTitles":["closePeriodAction"],"duration":3,"failing":false,"failureDetails":[],"failureMessages":[],"fullName":"closePeriodAction calls close_accounting_period RPC + audit log on success","invocations":1,"location":null,"numPassingAsserts":3,"retryReasons":[],"startAt":1779773268490,"status":"passed","title":"calls close_accounting_period RPC + audit log on success"},{"ancestorTitles":["closePeriodAction"],"duration":3,"failing":false,"failureDetails":[],"failureMessages":[],"fullName":"closePeriodAction propagates \"DRAFT entries remain\" error from RPC","invocations":1,"location":null,"numPassingAsserts":2,"retryReasons":[],"startAt":1779773268493,"status":"passed","title":"propagates \"DRAFT entries remain\" error from RPC"},{"ancestorTitles":["closePeriodAction"],"duration":2,"failing":false,"failureDetails":[],"failureMessages":[],"fullName":"closePeriodAction rejects non-admin users (KTV)","invocations":1,"location":null,"numPassingAsserts":2,"retryReasons":[],"startAt":1779773268496,"status":"passed","title":"rejects non-admin users (KTV)"},{"ancestorTitles":["reopenPeriodAction"],"duration":2,"failing":false,"failureDetails":[],"failureMessages":[],"fullName":"reopenPeriodAction calls reopen_accounting_period RPC + audit log on success","invocations":1,"location":null,"numPassingAsserts":3,"retryReasons":[],"startAt":1779773268498,"status":"passed","title":"calls reopen_accounting_period RPC + audit log on success"},{"ancestorTitles":["reopenPeriodAction"],"duration":1,"failing":false,"failureDetails":[],"failureMessages":[],"fullName":"reopenPeriodAction propagates \"only HQ super admin\" error from RPC for non-HQ admins","invocations":1,"location":null,"numPassingAsserts":2,"retryReasons":[],"startAt":1779773268501,"status":"passed","title":"propagates \"only HQ super admin\" error from RPC for non-HQ admins"},{"ancestorTitles":["reopenPeriodAction"],"duration":3,"failing":false,"failureDetails":[],"failureMessages":[],"fullName":"reopenPeriodAction rejects unauthenticated users","invocations":1,"location":null,"numPassingAsserts":2,"retryReasons":[],"startAt":1779773268503,"status":"passed","title":"rejects unauthenticated users"}],"endTime":1779773268517,"message":"","name":"D:\\Antigravity\\Projects\\BELLA SPA ERP\\src\\__tests__\\period-closing.test.ts","startTime":1779773267225,"status":"passed","summary":""},{"assertionResults":[{"ancestorTitles":["Inter-Branch Clearing System","getInterBranchClearingRecords"],"duration":12,"failing":false,"failureDetails":[],"failureMessages":[],"fullName":"Inter-Branch Clearing System getInterBranchClearingRecords should return all inter-branch clearing records for HQ Admin","invocations":1,"location":null,"numPassingAsserts":2,"retryReasons":[],"startAt":1779773268332,"status":"passed","title":"should return all inter-branch clearing records for HQ Admin"},{"ancestorTitles":["Inter-Branch Clearing System","getInterBranchClearingRecords"],"duration":2,"failing":false,"failureDetails":[],"failureMessages":[],"fullName":"Inter-Branch Clearing System getInterBranchClearingRecords should enforce role-based isolation / tenant filtration for Branch Admin","invocations":1,"location":null,"numPassingAsserts":2,"retryReasons":[],"startAt":1779773268346,"status":"passed","title":"should enforce role-based isolation / tenant filtration for Branch Admin"},{"ancestorTitles":["Inter-Branch Clearing System","getInterBranchClearingRecords"],"duration":86,"failing":false,"failureDetails":[],"failureMessages":[],"fullName":"Inter-Branch Clearing System getInterBranchClearingRecords should return empty list if user is not logged in","invocations":1,"location":null,"numPassingAsserts":1,"retryReasons":[],"startAt":1779773268349,"status":"passed","title":"should return empty list if user is not logged in"},{"ancestorTitles":["Inter-Branch Clearing System","clearInterBranchRecord"],"duration":67,"failing":false,"failureDetails":[],"failureMessages":[],"fullName":"Inter-Branch Clearing System clearInterBranchRecord should allow HQ Admin to clear/gạch nợ any record","invocations":1,"location":null,"numPassingAsserts":2,"retryReasons":[],"startAt":1779773268435,"status":"passed","title":"should allow HQ Admin to clear/gạch nợ any record"},{"ancestorTitles":["Inter-Branch Clearing System","clearInterBranchRecord"],"duration":7,"failing":false,"failureDetails":[],"failureMessages":[],"fullName":"Inter-Branch Clearing System clearInterBranchRecord should allow Debtor Admin to clear/gạch nợ their own payable record","invocations":1,"location":null,"numPassingAsserts":2,"retryReasons":[],"startAt":1779773268502,"status":"passed","title":"should allow Debtor Admin to clear/gạch nợ their own payable record"},{"ancestorTitles":["Inter-Branch Clearing System","clearInterBranchRecord"],"duration":3,"failing":false,"failureDetails":[],"failureMessages":[],"fullName":"Inter-Branch Clearing System clearInterBranchRecord should allow Creditor Admin to clear/gạch nợ their own receivable record","invocations":1,"location":null,"numPassingAsserts":2,"retryReasons":[],"startAt":1779773268509,"status":"passed","title":"should allow Creditor Admin to clear/gạch nợ their own receivable record"},{"ancestorTitles":["Inter-Branch Clearing System","clearInterBranchRecord"],"duration":3,"failing":false,"failureDetails":[],"failureMessages":[],"fullName":"Inter-Branch Clearing System clearInterBranchRecord should block and reject branch admins from other unrelated tenants","invocations":1,"location":null,"numPassingAsserts":3,"retryReasons":[],"startAt":1779773268512,"status":"passed","title":"should block and reject branch admins from other unrelated tenants"},{"ancestorTitles":["Inter-Branch Clearing System","updateTenantClearingRate"],"duration":3,"failing":false,"failureDetails":[],"failureMessages":[],"fullName":"Inter-Branch Clearing System updateTenantClearingRate should allow HQ Admin to update any branch clearing rate","invocations":1,"location":null,"numPassingAsserts":2,"retryReasons":[],"startAt":1779773268515,"status":"passed","title":"should allow HQ Admin to update any branch clearing rate"},{"ancestorTitles":["Inter-Branch Clearing System","updateTenantClearingRate"],"duration":2,"failing":false,"failureDetails":[],"failureMessages":[],"fullName":"Inter-Branch Clearing System updateTenantClearingRate should block non-HQ Admin from updating internal clearing rates","invocations":1,"location":null,"numPassingAsserts":3,"retryReasons":[],"startAt":1779773268518,"status":"passed","title":"should block non-HQ Admin from updating internal clearing rates"},{"ancestorTitles":["Inter-Branch Clearing System","simulateInterBranchClearing"],"duration":3,"failing":false,"failureDetails":[],"failureMessages":[],"fullName":"Inter-Branch Clearing System simulateInterBranchClearing should call clearInterBranchRecord with VietQR Sandbox payment method","invocations":1,"location":null,"numPassingAsserts":2,"retryReasons":[],"startAt":1779773268521,"status":"passed","title":"should call clearInterBranchRecord with VietQR Sandbox payment method"},{"ancestorTitles":["Inter-Branch Clearing System","lockMonth Inter-Branch Redemption Integration"],"duration":15,"failing":false,"failureDetails":[],"failureMessages":[],"fullName":"Inter-Branch Clearing System lockMonth Inter-Branch Redemption Integration should calculate inter-branch session logs and insert pending clearing record","invocations":1,"location":null,"numPassingAsserts":2,"retryReasons":[],"startAt":1779773268525,"status":"passed","title":"should calculate inter-branch session logs and insert pending clearing record"},{"ancestorTitles":["Inter-Branch Clearing System","lockMonth Inter-Branch Redemption Integration"],"duration":3,"failing":false,"failureDetails":[],"failureMessages":[],"fullName":"Inter-Branch Clearing System lockMonth Inter-Branch Redemption Integration should upsert (update) existing pending clearing record if not paid yet","invocations":1,"location":null,"numPassingAsserts":3,"retryReasons":[],"startAt":1779773268540,"status":"passed","title":"should upsert (update) existing pending clearing record if not paid yet"},{"ancestorTitles":["Inter-Branch Clearing System","lockMonth Inter-Branch Redemption Integration"],"duration":3,"failing":false,"failureDetails":[],"failureMessages":[],"fullName":"Inter-Branch Clearing System lockMonth Inter-Branch Redemption Integration should NOT overwrite existing clearing record if it is already cleared/paid","invocations":1,"location":null,"numPassingAsserts":3,"retryReasons":[],"startAt":1779773268543,"status":"passed","title":"should NOT overwrite existing clearing record if it is already cleared/paid"}],"endTime":1779773268549,"message":"","name":"D:\\Antigravity\\Projects\\BELLA SPA ERP\\src\\__tests__\\inter-branch-clearing.test.ts","startTime":1779773267133,"status":"passed","summary":""},{"assertionResults":[{"ancestorTitles":["Accounting Outbox Worker API","Authentication Guard"],"duration":66,"failing":false,"failureDetails":[],"failureMessages":[],"fullName":"Accounting Outbox Worker API Authentication Guard returns 401 Unauthorized if Authorization header is missing","invocations":1,"location":null,"numPassingAsserts":3,"retryReasons":[],"startAt":1779773268501,"status":"passed","title":"returns 401 Unauthorized if Authorization header is missing"},{"ancestorTitles":["Accounting Outbox Worker API","Authentication Guard"],"duration":21,"failing":false,"failureDetails":[],"failureMessages":[],"fullName":"Accounting Outbox Worker API Authentication Guard returns 401 Unauthorized if Authorization token does not match CRON_SECRET","invocations":1,"location":null,"numPassingAsserts":2,"retryReasons":[],"startAt":1779773268568,"status":"passed","title":"returns 401 Unauthorized if Authorization token does not match CRON_SECRET"},{"ancestorTitles":["Accounting Outbox Worker API","Authentication Guard"],"duration":6,"failing":false,"failureDetails":[],"failureMessages":[],"fullName":"Accounting Outbox Worker API Authentication Guard proceeds if Authorization token matches CRON_SECRET","invocations":1,"location":null,"numPassingAsserts":3,"retryReasons":[],"startAt":1779773268589,"status":"passed","title":"proceeds if Authorization token matches CRON_SECRET"},{"ancestorTitles":["Accounting Outbox Worker API","Batch Event Processing & Routing"],"duration":23,"failing":false,"failureDetails":[],"failureMessages":[],"fullName":"Accounting Outbox Worker API Batch Event Processing & Routing claims pending outbox events, routes them to correct handlers, and completes them","invocations":1,"location":null,"numPassingAsserts":10,"retryReasons":[],"startAt":1779773268595,"status":"passed","title":"claims pending outbox events, routes them to correct handlers, and completes them"},{"ancestorTitles":["Accounting Outbox Worker API","Batch Event Processing & Routing"],"duration":11,"failing":false,"failureDetails":[],"failureMessages":[],"fullName":"Accounting Outbox Worker API Batch Event Processing & Routing handles other event types: EXPENSE_RECORDED, SALARY_PAID, INVENTORY_CONSUMED, REFUND_ISSUED","invocations":1,"location":null,"numPassingAsserts":6,"retryReasons":[],"startAt":1779773268618,"status":"passed","title":"handles other event types: EXPENSE_RECORDED, SALARY_PAID, INVENTORY_CONSUMED, REFUND_ISSUED"},{"ancestorTitles":["Accounting Outbox Worker API","Error Handling & Backoff Retries"],"duration":20,"failing":false,"failureDetails":[],"failureMessages":[],"fullName":"Accounting Outbox Worker API Error Handling & Backoff Retries captures processing errors, increments retry count, and calls mark_outbox_failed","invocations":1,"location":null,"numPassingAsserts":4,"retryReasons":[],"startAt":1779773268630,"status":"passed","title":"captures processing errors, increments retry count, and calls mark_outbox_failed"}],"endTime":1779773268653,"message":"","name":"D:\\Antigravity\\Projects\\BELLA SPA ERP\\src\\__tests__\\accounting-outbox.test.ts","startTime":1779773267201,"status":"passed","summary":""},{"assertionResults":[{"ancestorTitles":["Subscription Constraints & Webhook Suite","checkSubscriptionLimit (Active Limits Boundary Checker)"],"duration":17,"failing":false,"failureDetails":[],"failureMessages":[],"fullName":"Subscription Constraints & Webhook Suite checkSubscriptionLimit (Active Limits Boundary Checker) should allow KTV creation if within basic tier limits (max: 3)","invocations":1,"location":null,"numPassingAsserts":3,"retryReasons":[],"startAt":1779773268542,"status":"passed","title":"should allow KTV creation if within basic tier limits (max: 3)"},{"ancestorTitles":["Subscription Constraints & Webhook Suite","checkSubscriptionLimit (Active Limits Boundary Checker)"],"duration":4,"failing":false,"failureDetails":[],"failureMessages":[],"fullName":"Subscription Constraints & Webhook Suite checkSubscriptionLimit (Active Limits Boundary Checker) should block KTV creation if basic tier limits are exceeded (max: 3)","invocations":1,"location":null,"numPassingAsserts":2,"retryReasons":[],"startAt":1779773268561,"status":"passed","title":"should block KTV creation if basic tier limits are exceeded (max: 3)"},{"ancestorTitles":["Subscription Constraints & Webhook Suite","checkSubscriptionLimit (Active Limits Boundary Checker)"],"duration":51,"failing":false,"failureDetails":[],"failureMessages":[],"fullName":"Subscription Constraints & Webhook Suite checkSubscriptionLimit (Active Limits Boundary Checker) should block active resources if subscription has expired","invocations":1,"location":null,"numPassingAsserts":2,"retryReasons":[],"startAt":1779773268566,"status":"passed","title":"should block active resources if subscription has expired"},{"ancestorTitles":["Subscription Constraints & Webhook Suite","checkSubscriptionLimit (Active Limits Boundary Checker)"],"duration":6,"failing":false,"failureDetails":[],"failureMessages":[],"fullName":"Subscription Constraints & Webhook Suite checkSubscriptionLimit (Active Limits Boundary Checker) should enforce customer limits correctly","invocations":1,"location":null,"numPassingAsserts":2,"retryReasons":[],"startAt":1779773268617,"status":"passed","title":"should enforce customer limits correctly"},{"ancestorTitles":["Subscription Constraints & Webhook Suite","checkSubscriptionLimit (Active Limits Boundary Checker)"],"duration":3,"failing":false,"failureDetails":[],"failureMessages":[],"fullName":"Subscription Constraints & Webhook Suite checkSubscriptionLimit (Active Limits Boundary Checker) should enforce SMS quotas correctly","invocations":1,"location":null,"numPassingAsserts":3,"retryReasons":[],"startAt":1779773268624,"status":"passed","title":"should enforce SMS quotas correctly"},{"ancestorTitles":["Subscription Constraints & Webhook Suite","Payment Webhook Reconciler (POST /api/webhooks/payment)"],"duration":37,"failing":false,"failureDetails":[],"failureMessages":[],"fullName":"Subscription Constraints & Webhook Suite Payment Webhook Reconciler (POST /api/webhooks/payment) should reject unauthorized webhook calls with 401","invocations":1,"location":null,"numPassingAsserts":1,"retryReasons":[],"startAt":1779773268627,"status":"passed","title":"should reject unauthorized webhook calls with 401"},{"ancestorTitles":["Subscription Constraints & Webhook Suite","Payment Webhook Reconciler (POST /api/webhooks/payment)"],"duration":18,"failing":false,"failureDetails":[],"failureMessages":[],"fullName":"Subscription Constraints & Webhook Suite Payment Webhook Reconciler (POST /api/webhooks/payment) should process a valid SePay webhook call matching subscription pattern and call renew_tenant_subscription RPC","invocations":1,"location":null,"numPassingAsserts":4,"retryReasons":[],"startAt":1779773268664,"status":"passed","title":"should process a valid SePay webhook call matching subscription pattern and call renew_tenant_subscription RPC"},{"ancestorTitles":["Subscription Constraints & Webhook Suite","Payment Webhook Reconciler (POST /api/webhooks/payment)"],"duration":6,"failing":false,"failureDetails":[],"failureMessages":[],"fullName":"Subscription Constraints & Webhook Suite Payment Webhook Reconciler (POST /api/webhooks/payment) should handle webhook call with different regex variants like SUB-INV-12345","invocations":1,"location":null,"numPassingAsserts":3,"retryReasons":[],"startAt":1779773268682,"status":"passed","title":"should handle webhook call with different regex variants like SUB-INV-12345"}],"endTime":1779773268690,"message":"","name":"D:\\Antigravity\\Projects\\BELLA SPA ERP\\src\\__tests__\\subscription.test.ts","startTime":1779773267218,"status":"passed","summary":""},{"assertionResults":[{"ancestorTitles":["End-to-End Business Pipeline Integration Suite"],"duration":230,"failing":false,"failureDetails":[],"failureMessages":[],"fullName":"End-to-End Business Pipeline Integration Suite verifies the absolute full booking-to-salary business pipeline flow","invocations":1,"location":null,"numPassingAsserts":43,"retryReasons":[],"startAt":1779773268466,"status":"passed","title":"verifies the absolute full booking-to-salary business pipeline flow"}],"endTime":1779773268699,"message":"","name":"D:\\Antigravity\\Projects\\BELLA SPA ERP\\src\\__tests__\\e2e-pipeline.test.ts","startTime":1779773267057,"status":"passed","summary":""},{"assertionResults":[{"ancestorTitles":["AI CPO Sub-Agent (Warehouse & Inventory)"],"duration":92,"failing":false,"failureDetails":[],"failureMessages":[],"fullName":"AI CPO Sub-Agent (Warehouse & Inventory) routes to CPO agent, queries items and logs, and returns stock analysis","invocations":1,"location":null,"numPassingAsserts":9,"retryReasons":[],"startAt":1779773268561,"status":"passed","title":"routes to CPO agent, queries items and logs, and returns stock analysis"},{"ancestorTitles":["AI CPO Sub-Agent (Warehouse & Inventory)"],"duration":9,"failing":false,"failureDetails":[],"failureMessages":[],"fullName":"AI CPO Sub-Agent (Warehouse & Inventory) propagates CPO DB failures immediately (Zero Silent DB Failures)","invocations":1,"location":null,"numPassingAsserts":3,"retryReasons":[],"startAt":1779773268654,"status":"passed","title":"propagates CPO DB failures immediately (Zero Silent DB Failures)"},{"ancestorTitles":["AI CMO Sub-Agent (Customer & Marketing)"],"duration":8,"failing":false,"failureDetails":[],"failureMessages":[],"fullName":"AI CMO Sub-Agent (Customer & Marketing) routes to CMO agent, queries reviews, CSAT, bookings and drafts apologies","invocations":1,"location":null,"numPassingAsserts":7,"retryReasons":[],"startAt":1779773268663,"status":"passed","title":"routes to CMO agent, queries reviews, CSAT, bookings and drafts apologies"},{"ancestorTitles":["AI CMO Sub-Agent (Customer & Marketing)"],"duration":8,"failing":false,"failureDetails":[],"failureMessages":[],"fullName":"AI CMO Sub-Agent (Customer & Marketing) propagates CMO DB failures immediately (Zero Silent DB Failures)","invocations":1,"location":null,"numPassingAsserts":3,"retryReasons":[],"startAt":1779773268672,"status":"passed","title":"propagates CMO DB failures immediately (Zero Silent DB Failures)"},{"ancestorTitles":["AI Franchise Sub-Agent (Franchise Operations)"],"duration":63,"failing":false,"failureDetails":[],"failureMessages":[],"fullName":"AI Franchise Sub-Agent (Franchise Operations) routes to franchise agent, queries royalty configurations and invoices, compares actual vs calculated royalty","invocations":1,"location":null,"numPassingAsserts":7,"retryReasons":[],"startAt":1779773268680,"status":"passed","title":"routes to franchise agent, queries royalty configurations and invoices, compares actual vs calculated royalty"},{"ancestorTitles":["AI Franchise Sub-Agent (Franchise Operations)"],"duration":5,"failing":false,"failureDetails":[],"failureMessages":[],"fullName":"AI Franchise Sub-Agent (Franchise Operations) propagates Franchise DB failures immediately (Zero Silent DB Failures)","invocations":1,"location":null,"numPassingAsserts":3,"retryReasons":[],"startAt":1779773268743,"status":"passed","title":"propagates Franchise DB failures immediately (Zero Silent DB Failures)"}],"endTime":1779773268751,"message":"","name":"D:\\Antigravity\\Projects\\BELLA SPA ERP\\src\\__tests__\\ai-coo-agents.test.ts","startTime":1779773267099,"status":"passed","summary":""},{"assertionResults":[{"ancestorTitles":["AI COO Orchestrator Security & RBAC Guard"],"duration":89,"failing":false,"failureDetails":[],"failureMessages":[],"fullName":"AI COO Orchestrator Security & RBAC Guard allows admin user to call orchestrator","invocations":1,"location":null,"numPassingAsserts":2,"retryReasons":[],"startAt":1779773268593,"status":"passed","title":"allows admin user to call orchestrator"},{"ancestorTitles":["AI COO Orchestrator Security & RBAC Guard"],"duration":6,"failing":false,"failureDetails":[],"failureMessages":[],"fullName":"AI COO Orchestrator Security & RBAC Guard allows accountant user to call orchestrator","invocations":1,"location":null,"numPassingAsserts":1,"retryReasons":[],"startAt":1779773268696,"status":"passed","title":"allows accountant user to call orchestrator"},{"ancestorTitles":["AI COO Orchestrator Security & RBAC Guard"],"duration":3,"failing":false,"failureDetails":[],"failureMessages":[],"fullName":"AI COO Orchestrator Security & RBAC Guard blocks and rejects KTV user (non-admin)","invocations":1,"location":null,"numPassingAsserts":2,"retryReasons":[],"startAt":1779773268703,"status":"passed","title":"blocks and rejects KTV user (non-admin)"},{"ancestorTitles":["AI COO Orchestrator Routing & RPC execution"],"duration":74,"failing":false,"failureDetails":[],"failureMessages":[],"fullName":"AI COO Orchestrator Routing & RPC execution routes human-resource command to CHRO agent and calls salary and attendance RPCs","invocations":1,"location":null,"numPassingAsserts":9,"retryReasons":[],"startAt":1779773268706,"status":"passed","title":"routes human-resource command to CHRO agent and calls salary and attendance RPCs"},{"ancestorTitles":["AI COO Orchestrator Routing & RPC execution"],"duration":12,"failing":false,"failureDetails":[],"failureMessages":[],"fullName":"AI COO Orchestrator Routing & RPC execution routes accounting command to CFO agent and calls trial balance RPC","invocations":1,"location":null,"numPassingAsserts":3,"retryReasons":[],"startAt":1779773268780,"status":"passed","title":"routes accounting command to CFO agent and calls trial balance RPC"},{"ancestorTitles":["AI COO Orchestrator Error propagation (Zero Silent DB Failures)"],"duration":7,"failing":false,"failureDetails":[],"failureMessages":[],"fullName":"AI COO Orchestrator Error propagation (Zero Silent DB Failures) propagates database RPC error immediately without swallowing it","invocations":1,"location":null,"numPassingAsserts":3,"retryReasons":[],"startAt":1779773268792,"status":"passed","title":"propagates database RPC error immediately without swallowing it"},{"ancestorTitles":["AI Action Approval Security & Side-Effects"],"duration":11,"failing":false,"failureDetails":[],"failureMessages":[],"fullName":"AI Action Approval Security & Side-Effects restricts action approval to admin & accountant only","invocations":1,"location":null,"numPassingAsserts":2,"retryReasons":[],"startAt":1779773268799,"status":"passed","title":"restricts action approval to admin & accountant only"},{"ancestorTitles":["AI Action Approval Security & Side-Effects"],"duration":5,"failing":false,"failureDetails":[],"failureMessages":[],"fullName":"AI Action Approval Security & Side-Effects inserts system notification and writes audit log upon approval","invocations":1,"location":null,"numPassingAsserts":3,"retryReasons":[],"startAt":1779773268810,"status":"passed","title":"inserts system notification and writes audit log upon approval"}],"endTime":1779773268817,"message":"","name":"D:\\Antigravity\\Projects\\BELLA SPA ERP\\src\\__tests__\\ai-agent.test.ts","startTime":1779773267080,"status":"passed","summary":""},{"assertionResults":[{"ancestorTitles":["HQ Audit Explorer System","getHqAuditLogs"],"duration":45,"failing":false,"failureDetails":[],"failureMessages":[],"fullName":"HQ Audit Explorer System getHqAuditLogs should block non-HQ Super Admins from querying system-wide audit logs","invocations":1,"location":null,"numPassingAsserts":2,"retryReasons":[],"startAt":1779773268825,"status":"passed","title":"should block non-HQ Super Admins from querying system-wide audit logs"},{"ancestorTitles":["HQ Audit Explorer System","getHqAuditLogs"],"duration":6,"failing":false,"failureDetails":[],"failureMessages":[],"fullName":"HQ Audit Explorer System getHqAuditLogs should retrieve audit logs with proper filters for HQ Super Admin","invocations":1,"location":null,"numPassingAsserts":9,"retryReasons":[],"startAt":1779773268872,"status":"passed","title":"should retrieve audit logs with proper filters for HQ Super Admin"},{"ancestorTitles":["HQ Audit Explorer System","getAuditTables"],"duration":2,"failing":false,"failureDetails":[],"failureMessages":[],"fullName":"HQ Audit Explorer System getAuditTables should block unauthorized users from listing audit tables","invocations":1,"location":null,"numPassingAsserts":1,"retryReasons":[],"startAt":1779773268878,"status":"passed","title":"should block unauthorized users from listing audit tables"},{"ancestorTitles":["HQ Audit Explorer System","getAuditTables"],"duration":1,"failing":false,"failureDetails":[],"failureMessages":[],"fullName":"HQ Audit Explorer System getAuditTables should list and sort all unique tables present in audit logs","invocations":1,"location":null,"numPassingAsserts":1,"retryReasons":[],"startAt":1779773268880,"status":"passed","title":"should list and sort all unique tables present in audit logs"},{"ancestorTitles":["HQ Audit Explorer System","getAuditUsers"],"duration":1,"failing":false,"failureDetails":[],"failureMessages":[],"fullName":"HQ Audit Explorer System getAuditUsers should block unauthorized users from listing system users","invocations":1,"location":null,"numPassingAsserts":1,"retryReasons":[],"startAt":1779773268881,"status":"passed","title":"should block unauthorized users from listing system users"},{"ancestorTitles":["HQ Audit Explorer System","getAuditUsers"],"duration":5,"failing":false,"failureDetails":[],"failureMessages":[],"fullName":"HQ Audit Explorer System getAuditUsers should return all users ordered by full_name","invocations":1,"location":null,"numPassingAsserts":2,"retryReasons":[],"startAt":1779773268883,"status":"passed","title":"should return all users ordered by full_name"}],"endTime":1779773268889,"message":"","name":"D:\\Antigravity\\Projects\\BELLA SPA ERP\\src\\__tests__\\hq-audit-explorer.test.ts","startTime":1779773268508,"status":"passed","summary":""},{"assertionResults":[{"ancestorTitles":["getConsolidatedPnLReport"],"duration":3,"failing":false,"failureDetails":[],"failureMessages":[],"fullName":"getConsolidatedPnLReport returns rows sorted by net_profit DESC for HQ admin","invocations":1,"location":null,"numPassingAsserts":5,"retryReasons":[],"startAt":1779773268860,"status":"passed","title":"returns rows sorted by net_profit DESC for HQ admin"},{"ancestorTitles":["getConsolidatedPnLReport"],"duration":1,"failing":false,"failureDetails":[],"failureMessages":[],"fullName":"getConsolidatedPnLReport returns empty array gracefully when no branches active","invocations":1,"location":null,"numPassingAsserts":1,"retryReasons":[],"startAt":1779773268863,"status":"passed","title":"returns empty array gracefully when no branches active"},{"ancestorTitles":["getConsolidatedPnLReport"],"duration":22,"failing":false,"failureDetails":[],"failureMessages":[],"fullName":"getConsolidatedPnLReport rejects non-HQ branch admin (tenant name != Headquarter)","invocations":1,"location":null,"numPassingAsserts":2,"retryReasons":[],"startAt":1779773268864,"status":"passed","title":"rejects non-HQ branch admin (tenant name != Headquarter)"},{"ancestorTitles":["getConsolidatedPnLReport"],"duration":2,"failing":false,"failureDetails":[],"failureMessages":[],"fullName":"getConsolidatedPnLReport rejects KTV users entirely","invocations":1,"location":null,"numPassingAsserts":2,"retryReasons":[],"startAt":1779773268886,"status":"passed","title":"rejects KTV users entirely"},{"ancestorTitles":["getConsolidatedPnLReport"],"duration":1,"failing":false,"failureDetails":[],"failureMessages":[],"fullName":"getConsolidatedPnLReport rejects users without tenant_id","invocations":1,"location":null,"numPassingAsserts":2,"retryReasons":[],"startAt":1779773268888,"status":"passed","title":"rejects users without tenant_id"},{"ancestorTitles":["getConsolidatedPnLReport"],"duration":2,"failing":false,"failureDetails":[],"failureMessages":[],"fullName":"getConsolidatedPnLReport propagates RPC errors (e.g., function does not exist)","invocations":1,"location":null,"numPassingAsserts":1,"retryReasons":[],"startAt":1779773268889,"status":"passed","title":"propagates RPC errors (e.g., function does not exist)"},{"ancestorTitles":["getConsolidatedPnLReport"],"duration":0,"failing":false,"failureDetails":[],"failureMessages":[],"fullName":"getConsolidatedPnLReport returns empty array when RPC data is null","invocations":1,"location":null,"numPassingAsserts":1,"retryReasons":[],"startAt":1779773268891,"status":"passed","title":"returns empty array when RPC data is null"}],"endTime":1779773268893,"message":"","name":"D:\\Antigravity\\Projects\\BELLA SPA ERP\\src\\__tests__\\consolidated-pnl.test.ts","startTime":1779773268526,"status":"passed","summary":""},{"assertionResults":[{"ancestorTitles":["Brand Service Master System (Phase 2)","getHqPackageTemplates"],"duration":116,"failing":false,"failureDetails":[],"failureMessages":[],"fullName":"Brand Service Master System (Phase 2) getHqPackageTemplates should block non-HQ admins","invocations":1,"location":null,"numPassingAsserts":1,"retryReasons":[],"startAt":1779773268781,"status":"passed","title":"should block non-HQ admins"},{"ancestorTitles":["Brand Service Master System (Phase 2)","getHqPackageTemplates"],"duration":5,"failing":false,"failureDetails":[],"failureMessages":[],"fullName":"Brand Service Master System (Phase 2) getHqPackageTemplates should fetch package templates where is_hq_template is true","invocations":1,"location":null,"numPassingAsserts":3,"retryReasons":[],"startAt":1779773268898,"status":"passed","title":"should fetch package templates where is_hq_template is true"},{"ancestorTitles":["Brand Service Master System (Phase 2)","createHqPackageTemplate"],"duration":8,"failing":false,"failureDetails":[],"failureMessages":[],"fullName":"Brand Service Master System (Phase 2) createHqPackageTemplate should create template package successfully","invocations":1,"location":null,"numPassingAsserts":3,"retryReasons":[],"startAt":1779773268904,"status":"passed","title":"should create template package successfully"},{"ancestorTitles":["Brand Service Master System (Phase 2)","createHqPackageTemplate"],"duration":2,"failing":false,"failureDetails":[],"failureMessages":[],"fullName":"Brand Service Master System (Phase 2) createHqPackageTemplate should reject creation if price_floor is greater than price_cap","invocations":1,"location":null,"numPassingAsserts":2,"retryReasons":[],"startAt":1779773268912,"status":"passed","title":"should reject creation if price_floor is greater than price_cap"},{"ancestorTitles":["Brand Service Master System (Phase 2)","overrideTenantPackagePrice"],"duration":2,"failing":false,"failureDetails":[],"failureMessages":[],"fullName":"Brand Service Master System (Phase 2) overrideTenantPackagePrice should allow price override if override is allowed and price is within bounds","invocations":1,"location":null,"numPassingAsserts":2,"retryReasons":[],"startAt":1779773268914,"status":"passed","title":"should allow price override if override is allowed and price is within bounds"},{"ancestorTitles":["Brand Service Master System (Phase 2)","overrideTenantPackagePrice"],"duration":2,"failing":false,"failureDetails":[],"failureMessages":[],"fullName":"Brand Service Master System (Phase 2) overrideTenantPackagePrice should reject override if override is not allowed by HQ","invocations":1,"location":null,"numPassingAsserts":2,"retryReasons":[],"startAt":1779773268916,"status":"passed","title":"should reject override if override is not allowed by HQ"},{"ancestorTitles":["Brand Service Master System (Phase 2)","overrideTenantPackagePrice"],"duration":59,"failing":false,"failureDetails":[],"failureMessages":[],"fullName":"Brand Service Master System (Phase 2) overrideTenantPackagePrice should reject override if price is below price_floor","invocations":1,"location":null,"numPassingAsserts":2,"retryReasons":[],"startAt":1779773268918,"status":"passed","title":"should reject override if price is below price_floor"},{"ancestorTitles":["Brand Service Master System (Phase 2)","overrideTenantPackagePrice"],"duration":1,"failing":false,"failureDetails":[],"failureMessages":[],"fullName":"Brand Service Master System (Phase 2) overrideTenantPackagePrice should reject override if price is above price_cap","invocations":1,"location":null,"numPassingAsserts":2,"retryReasons":[],"startAt":1779773268978,"status":"passed","title":"should reject override if price is above price_cap"}],"endTime":1779773268986,"message":"","name":"D:\\Antigravity\\Projects\\BELLA SPA ERP\\src\\__tests__\\brand-service-master.test.ts","startTime":1779773268409,"status":"passed","summary":""},{"assertionResults":[{"ancestorTitles":["lockMonth"],"duration":8,"failing":false,"failureDetails":[],"failureMessages":[],"fullName":"lockMonth gọi RPC lock_monthly_records với đúng params khi Admin","invocations":1,"location":null,"numPassingAsserts":3,"retryReasons":[],"startAt":1779773269023,"status":"passed","title":"gọi RPC lock_monthly_records với đúng params khi Admin"},{"ancestorTitles":["lockMonth"],"duration":2,"failing":false,"failureDetails":[],"failureMessages":[],"fullName":"lockMonth trả về error khi user không phải Admin","invocations":1,"location":null,"numPassingAsserts":3,"retryReasons":[],"startAt":1779773269031,"status":"passed","title":"trả về error khi user không phải Admin"},{"ancestorTitles":["lockMonth"],"duration":2,"failing":false,"failureDetails":[],"failureMessages":[],"fullName":"lockMonth trả về error khi user chưa đăng nhập","invocations":1,"location":null,"numPassingAsserts":2,"retryReasons":[],"startAt":1779773269033,"status":"passed","title":"trả về error khi user chưa đăng nhập"},{"ancestorTitles":["lockMonth"],"duration":3,"failing":false,"failureDetails":[],"failureMessages":[],"fullName":"lockMonth trả về error khi RPC thất bại","invocations":1,"location":null,"numPassingAsserts":2,"retryReasons":[],"startAt":1779773269035,"status":"passed","title":"trả về error khi RPC thất bại"},{"ancestorTitles":["lockMonth"],"duration":2,"failing":false,"failureDetails":[],"failureMessages":[],"fullName":"lockMonth revalidatePath được gọi sau khi lock thành công","invocations":1,"location":null,"numPassingAsserts":1,"retryReasons":[],"startAt":1779773269038,"status":"passed","title":"revalidatePath được gọi sau khi lock thành công"},{"ancestorTitles":["unlockMonth"],"duration":3,"failing":false,"failureDetails":[],"failureMessages":[],"fullName":"unlockMonth unlock thành công với Admin","invocations":1,"location":null,"numPassingAsserts":2,"retryReasons":[],"startAt":1779773269040,"status":"passed","title":"unlock thành công với Admin"},{"ancestorTitles":["unlockMonth"],"duration":1,"failing":false,"failureDetails":[],"failureMessages":[],"fullName":"unlockMonth chặn non-admin unlock","invocations":1,"location":null,"numPassingAsserts":2,"retryReasons":[],"startAt":1779773269044,"status":"passed","title":"chặn non-admin unlock"}],"endTime":1779773269047,"message":"","name":"D:\\Antigravity\\Projects\\BELLA SPA ERP\\src\\__tests__\\finance.lockMonth.test.ts","startTime":1779773268749,"status":"passed","summary":""},{"assertionResults":[{"ancestorTitles":["Row-Level Security (RLS) & Tenant Isolation Compliance Suite","Tenant Boundary Isolation (Defense-in-depth)"],"duration":5,"failing":false,"failureDetails":[],"failureMessages":[],"fullName":"Row-Level Security (RLS) & Tenant Isolation Compliance Suite Tenant Boundary Isolation (Defense-in-depth) asserts Tenant A Admin can read bookings (PostgreSQL RLS will filter by Tenant A)","invocations":1,"location":null,"numPassingAsserts":3,"retryReasons":[],"startAt":1779773268998,"status":"passed","title":"asserts Tenant A Admin can read bookings (PostgreSQL RLS will filter by Tenant A)"},{"ancestorTitles":["Row-Level Security (RLS) & Tenant Isolation Compliance Suite","Tenant Boundary Isolation (Defense-in-depth)"],"duration":1,"failing":false,"failureDetails":[],"failureMessages":[],"fullName":"Row-Level Security (RLS) & Tenant Isolation Compliance Suite Tenant Boundary Isolation (Defense-in-depth) proves Tenant B KTV is strictly blocked from reading Tenant A bookings","invocations":1,"location":null,"numPassingAsserts":1,"retryReasons":[],"startAt":1779773269003,"status":"passed","title":"proves Tenant B KTV is strictly blocked from reading Tenant A bookings"},{"ancestorTitles":["Row-Level Security (RLS) & Tenant Isolation Compliance Suite","KTV Attendance Isolation & Granularity"],"duration":54,"failing":false,"failureDetails":[],"failureMessages":[],"fullName":"Row-Level Security (RLS) & Tenant Isolation Compliance Suite KTV Attendance Isolation & Granularity guarantees KTV queries filter by their own KTV User ID at the application layer","invocations":1,"location":null,"numPassingAsserts":1,"retryReasons":[],"startAt":1779773269004,"status":"passed","title":"guarantees KTV queries filter by their own KTV User ID at the application layer"},{"ancestorTitles":["Row-Level Security (RLS) & Tenant Isolation Compliance Suite","KTV Attendance Isolation & Granularity"],"duration":2,"failing":false,"failureDetails":[],"failureMessages":[],"fullName":"Row-Level Security (RLS) & Tenant Isolation Compliance Suite KTV Attendance Isolation & Granularity denies attendance queries for non-KTV roles","invocations":1,"location":null,"numPassingAsserts":2,"retryReasons":[],"startAt":1779773269058,"status":"passed","title":"denies attendance queries for non-KTV roles"},{"ancestorTitles":["Row-Level Security (RLS) & Tenant Isolation Compliance Suite","KTV Attendance Isolation & Granularity"],"duration":4,"failing":false,"failureDetails":[],"failureMessages":[],"fullName":"Row-Level Security (RLS) & Tenant Isolation Compliance Suite KTV Attendance Isolation & Granularity requires valid tenant_id and ktv_id upon check-in insertion","invocations":1,"location":null,"numPassingAsserts":1,"retryReasons":[],"startAt":1779773269060,"status":"passed","title":"requires valid tenant_id and ktv_id upon check-in insertion"},{"ancestorTitles":["Row-Level Security (RLS) & Tenant Isolation Compliance Suite","Suspended Tenants Blocking"],"duration":12,"failing":false,"failureDetails":[],"failureMessages":[],"fullName":"Row-Level Security (RLS) & Tenant Isolation Compliance Suite Suspended Tenants Blocking blocks suspended tenants from accessing getCurrentUser profile details","invocations":1,"location":null,"numPassingAsserts":2,"retryReasons":[],"startAt":1779773269064,"status":"passed","title":"blocks suspended tenants from accessing getCurrentUser profile details"}],"endTime":1779773269078,"message":"","name":"D:\\Antigravity\\Projects\\BELLA SPA ERP\\src\\__tests__\\rls-compliance.test.ts","startTime":1779773268368,"status":"passed","summary":""},{"assertionResults":[{"ancestorTitles":["getSalaryReconciliationReport"],"duration":4,"failing":false,"failureDetails":[],"failureMessages":[],"fullName":"getSalaryReconciliationReport returns typed rows preserving status enum for admin","invocations":1,"location":null,"numPassingAsserts":7,"retryReasons":[],"startAt":1779773269027,"status":"passed","title":"returns typed rows preserving status enum for admin"},{"ancestorTitles":["getSalaryReconciliationReport"],"duration":1,"failing":false,"failureDetails":[],"failureMessages":[],"fullName":"getSalaryReconciliationReport allows accountant role (M2 extended RBAC)","invocations":1,"location":null,"numPassingAsserts":1,"retryReasons":[],"startAt":1779773269032,"status":"passed","title":"allows accountant role (M2 extended RBAC)"},{"ancestorTitles":["getSalaryReconciliationReport"],"duration":30,"failing":false,"failureDetails":[],"failureMessages":[],"fullName":"getSalaryReconciliationReport rejects KTV users","invocations":1,"location":null,"numPassingAsserts":2,"retryReasons":[],"startAt":1779773269033,"status":"passed","title":"rejects KTV users"},{"ancestorTitles":["getSalaryReconciliationReport"],"duration":1,"failing":false,"failureDetails":[],"failureMessages":[],"fullName":"getSalaryReconciliationReport rejects users without tenant_id","invocations":1,"location":null,"numPassingAsserts":2,"retryReasons":[],"startAt":1779773269063,"status":"passed","title":"rejects users without tenant_id"},{"ancestorTitles":["getSalaryReconciliationReport"],"duration":13,"failing":false,"failureDetails":[],"failureMessages":[],"fullName":"getSalaryReconciliationReport propagates RPC errors from get_salary_reconciliation_report","invocations":1,"location":null,"numPassingAsserts":1,"retryReasons":[],"startAt":1779773269065,"status":"passed","title":"propagates RPC errors from get_salary_reconciliation_report"},{"ancestorTitles":["getSalaryReconciliationReport"],"duration":1,"failing":false,"failureDetails":[],"failureMessages":[],"fullName":"getSalaryReconciliationReport returns empty array when RPC data is null","invocations":1,"location":null,"numPassingAsserts":1,"retryReasons":[],"startAt":1779773269078,"status":"passed","title":"returns empty array when RPC data is null"}],"endTime":1779773269080,"message":"","name":"D:\\Antigravity\\Projects\\BELLA SPA ERP\\src\\__tests__\\salary-reconciliation.test.ts","startTime":1779773268712,"status":"passed","summary":""},{"assertionResults":[{"ancestorTitles":["getReconciliationReport"],"duration":10,"failing":false,"failureDetails":[],"failureMessages":[],"fullName":"getReconciliationReport returns typed reconciliation rows from RPC for admin user","invocations":1,"location":null,"numPassingAsserts":5,"retryReasons":[],"startAt":1779773269068,"status":"passed","title":"returns typed reconciliation rows from RPC for admin user"},{"ancestorTitles":["getReconciliationReport"],"duration":0,"failing":false,"failureDetails":[],"failureMessages":[],"fullName":"getReconciliationReport detects MAJOR_DIFF status when mismatch > 1%","invocations":1,"location":null,"numPassingAsserts":2,"retryReasons":[],"startAt":1779773269079,"status":"passed","title":"detects MAJOR_DIFF status when mismatch > 1%"},{"ancestorTitles":["getReconciliationReport"],"duration":0,"failing":false,"failureDetails":[],"failureMessages":[],"fullName":"getReconciliationReport returns empty array gracefully when RPC returns null","invocations":1,"location":null,"numPassingAsserts":1,"retryReasons":[],"startAt":1779773269080,"status":"passed","title":"returns empty array gracefully when RPC returns null"},{"ancestorTitles":["getReconciliationReport"],"duration":35,"failing":false,"failureDetails":[],"failureMessages":[],"fullName":"getReconciliationReport rejects KTV users (non-admin)","invocations":1,"location":null,"numPassingAsserts":2,"retryReasons":[],"startAt":1779773269080,"status":"passed","title":"rejects KTV users (non-admin)"},{"ancestorTitles":["getReconciliationReport"],"duration":1,"failing":false,"failureDetails":[],"failureMessages":[],"fullName":"getReconciliationReport rejects users without tenant_id","invocations":1,"location":null,"numPassingAsserts":2,"retryReasons":[],"startAt":1779773269116,"status":"passed","title":"rejects users without tenant_id"},{"ancestorTitles":["getReconciliationReport"],"duration":13,"failing":false,"failureDetails":[],"failureMessages":[],"fullName":"getReconciliationReport propagates RPC errors with original message","invocations":1,"location":null,"numPassingAsserts":1,"retryReasons":[],"startAt":1779773269117,"status":"passed","title":"propagates RPC errors with original message"}],"endTime":1779773269131,"message":"","name":"D:\\Antigravity\\Projects\\BELLA SPA ERP\\src\\__tests__\\reconciliation.test.ts","startTime":1779773268731,"status":"passed","summary":""},{"assertionResults":[{"ancestorTitles":["calculateSalaryDetails — Rating Bonus"],"duration":2,"failing":false,"failureDetails":[],"failureMessages":[],"fullName":"calculateSalaryDetails — Rating Bonus 5-star rating gives max bonus (50,000đ) per session","invocations":1,"location":null,"numPassingAsserts":2,"retryReasons":[],"startAt":1779773269155,"status":"passed","title":"5-star rating gives max bonus (50,000đ) per session"},{"ancestorTitles":["calculateSalaryDetails — Rating Bonus"],"duration":1,"failing":false,"failureDetails":[],"failureMessages":[],"fullName":"calculateSalaryDetails — Rating Bonus 4.5-star rating gives mid bonus (30,000đ) per session","invocations":1,"location":null,"numPassingAsserts":2,"retryReasons":[],"startAt":1779773269157,"status":"passed","title":"4.5-star rating gives mid bonus (30,000đ) per session"},{"ancestorTitles":["calculateSalaryDetails — Rating Bonus"],"duration":1,"failing":false,"failureDetails":[],"failureMessages":[],"fullName":"calculateSalaryDetails — Rating Bonus 4.0-star rating gives low bonus (10,000đ) per session","invocations":1,"location":null,"numPassingAsserts":2,"retryReasons":[],"startAt":1779773269158,"status":"passed","title":"4.0-star rating gives low bonus (10,000đ) per session"},{"ancestorTitles":["calculateSalaryDetails — Rating Bonus"],"duration":1,"failing":false,"failureDetails":[],"failureMessages":[],"fullName":"calculateSalaryDetails — Rating Bonus Below 4-star rating gives 0 bonus per session","invocations":1,"location":null,"numPassingAsserts":2,"retryReasons":[],"startAt":1779773269159,"status":"passed","title":"Below 4-star rating gives 0 bonus per session"},{"ancestorTitles":["calculateSalaryDetails — KPI Bonus"],"duration":1,"failing":false,"failureDetails":[],"failureMessages":[],"fullName":"calculateSalaryDetails — KPI Bonus KTV đạt đúng target (30 ca) nhận KPI bonus","invocations":1,"location":null,"numPassingAsserts":1,"retryReasons":[],"startAt":1779773269160,"status":"passed","title":"KTV đạt đúng target (30 ca) nhận KPI bonus"},{"ancestorTitles":["calculateSalaryDetails — KPI Bonus"],"duration":0,"failing":false,"failureDetails":[],"failureMessages":[],"fullName":"calculateSalaryDetails — KPI Bonus KTV dưới target (29 ca) không nhận KPI bonus","invocations":1,"location":null,"numPassingAsserts":1,"retryReasons":[],"startAt":1779773269161,"status":"passed","title":"KTV dưới target (29 ca) không nhận KPI bonus"},{"ancestorTitles":["calculateSalaryDetails — KPI Bonus"],"duration":1,"failing":false,"failureDetails":[],"failureMessages":[],"fullName":"calculateSalaryDetails — KPI Bonus KPI bonus được override bởi existingKpiBonus","invocations":1,"location":null,"numPassingAsserts":1,"retryReasons":[],"startAt":1779773269161,"status":"passed","title":"KPI bonus được override bởi existingKpiBonus"},{"ancestorTitles":["calculateSalaryDetails — Total Salary"],"duration":1,"failing":false,"failureDetails":[],"failureMessages":[],"fullName":"calculateSalaryDetails — Total Salary Tổng lương tính đúng: base + session + rating + kpi - deductions - advances","invocations":1,"location":null,"numPassingAsserts":1,"retryReasons":[],"startAt":1779773269162,"status":"passed","title":"Tổng lương tính đúng: base + session + rating + kpi - deductions - advances"},{"ancestorTitles":["calculateSalaryDetails — Total Salary"],"duration":1,"failing":false,"failureDetails":[],"failureMessages":[],"fullName":"calculateSalaryDetails — Total Salary Tổng lương không âm — luôn >= 0","invocations":1,"location":null,"numPassingAsserts":1,"retryReasons":[],"startAt":1779773269163,"status":"passed","title":"Tổng lương không âm — luôn >= 0"},{"ancestorTitles":["calculateSalaryDetails — Total Salary"],"duration":0,"failing":false,"failureDetails":[],"failureMessages":[],"fullName":"calculateSalaryDetails — Total Salary Violations deduction giảm lương đúng","invocations":1,"location":null,"numPassingAsserts":1,"retryReasons":[],"startAt":1779773269164,"status":"passed","title":"Violations deduction giảm lương đúng"}],"endTime":1779773269166,"message":"","name":"D:\\Antigravity\\Projects\\BELLA SPA ERP\\src\\__tests__\\kpi-calculator.test.ts","startTime":1779773268824,"status":"passed","summary":""},{"assertionResults":[{"ancestorTitles":["Token Bucket Rate Limiting"],"duration":6,"failing":false,"failureDetails":[],"failureMessages":[],"fullName":"Token Bucket Rate Limiting should allow requests within capacity","invocations":1,"location":null,"numPassingAsserts":4,"retryReasons":[],"startAt":1779773269167,"status":"passed","title":"should allow requests within capacity"},{"ancestorTitles":["Token Bucket Rate Limiting"],"duration":4,"failing":false,"failureDetails":[],"failureMessages":[],"fullName":"Token Bucket Rate Limiting should refill tokens over time","invocations":1,"location":null,"numPassingAsserts":7,"retryReasons":[],"startAt":1779773269174,"status":"passed","title":"should refill tokens over time"},{"ancestorTitles":["Token Bucket Rate Limiting"],"duration":3,"failing":false,"failureDetails":[],"failureMessages":[],"fullName":"Token Bucket Rate Limiting should respect max capacity when refilled excessively","invocations":1,"location":null,"numPassingAsserts":7,"retryReasons":[],"startAt":1779773269178,"status":"passed","title":"should respect max capacity when refilled excessively"},{"ancestorTitles":["Token Bucket Rate Limiting"],"duration":3,"failing":false,"failureDetails":[],"failureMessages":[],"fullName":"Token Bucket Rate Limiting should isolate different identifiers","invocations":1,"location":null,"numPassingAsserts":6,"retryReasons":[],"startAt":1779773269181,"status":"passed","title":"should isolate different identifiers"}],"endTime":1779773269185,"message":"","name":"D:\\Antigravity\\Projects\\BELLA SPA ERP\\src\\__tests__\\rate-limit.test.ts","startTime":1779773268912,"status":"passed","summary":""},{"assertionResults":[{"ancestorTitles":["resolveKtvCommission"],"duration":2,"failing":false,"failureDetails":[],"failureMessages":[],"fullName":"resolveKtvCommission should use ktv_commission if present directly on booking","invocations":1,"location":null,"numPassingAsserts":1,"retryReasons":[],"startAt":1779773269254,"status":"passed","title":"should use ktv_commission if present directly on booking"},{"ancestorTitles":["resolveKtvCommission"],"duration":1,"failing":false,"failureDetails":[],"failureMessages":[],"fullName":"resolveKtvCommission should fallback to package commission if direct booking commission is missing","invocations":1,"location":null,"numPassingAsserts":1,"retryReasons":[],"startAt":1779773269256,"status":"passed","title":"should fallback to package commission if direct booking commission is missing"},{"ancestorTitles":["resolveKtvCommission"],"duration":1,"failing":false,"failureDetails":[],"failureMessages":[],"fullName":"resolveKtvCommission should fallback to default (150000) if both direct and package commission are missing","invocations":1,"location":null,"numPassingAsserts":1,"retryReasons":[],"startAt":1779773269257,"status":"passed","title":"should fallback to default (150000) if both direct and package commission are missing"},{"ancestorTitles":["resolveKtvCommission"],"duration":0,"failing":false,"failureDetails":[],"failureMessages":[],"fullName":"resolveKtvCommission should handle undefined or null booking by falling back to default","invocations":1,"location":null,"numPassingAsserts":2,"retryReasons":[],"startAt":1779773269258,"status":"passed","title":"should handle undefined or null booking by falling back to default"}],"endTime":1779773269260,"message":"","name":"D:\\Antigravity\\Projects\\BELLA SPA ERP\\src\\__tests__\\booking.test.ts","startTime":1779773269006,"status":"passed","summary":""},{"assertionResults":[{"ancestorTitles":["getCashFlowStatementReport"],"duration":1,"failing":false,"failureDetails":[],"failureMessages":[],"fullName":"getCashFlowStatementReport returns the first row from get_cash_flow_statement RPC for authed user","invocations":1,"location":null,"numPassingAsserts":2,"retryReasons":[],"startAt":1779773269211,"status":"passed","title":"returns the first row from get_cash_flow_statement RPC for authed user"},{"ancestorTitles":["getCashFlowStatementReport"],"duration":0,"failing":false,"failureDetails":[],"failureMessages":[],"fullName":"getCashFlowStatementReport returns null when RPC returns empty array","invocations":1,"location":null,"numPassingAsserts":1,"retryReasons":[],"startAt":1779773269213,"status":"passed","title":"returns null when RPC returns empty array"},{"ancestorTitles":["getCashFlowStatementReport"],"duration":23,"failing":false,"failureDetails":[],"failureMessages":[],"fullName":"getCashFlowStatementReport rejects users without tenant_id","invocations":1,"location":null,"numPassingAsserts":2,"retryReasons":[],"startAt":1779773269213,"status":"passed","title":"rejects users without tenant_id"},{"ancestorTitles":["getCashFlowStatementReport"],"duration":1,"failing":false,"failureDetails":[],"failureMessages":[],"fullName":"getCashFlowStatementReport propagates RPC errors","invocations":1,"location":null,"numPassingAsserts":1,"retryReasons":[],"startAt":1779773269236,"status":"passed","title":"propagates RPC errors"},{"ancestorTitles":["exportAccountingReportToExcel (cash_flow)"],"duration":59,"failing":false,"failureDetails":[],"failureMessages":[],"fullName":"exportAccountingReportToExcel (cash_flow) produces a non-empty base64 Excel file for Cash Flow Statement","invocations":1,"location":null,"numPassingAsserts":3,"retryReasons":[],"startAt":1779773269237,"status":"passed","title":"produces a non-empty base64 Excel file for Cash Flow Statement"},{"ancestorTitles":["exportAccountingReportToExcel (cash_flow)"],"duration":7,"failing":false,"failureDetails":[],"failureMessages":[],"fullName":"exportAccountingReportToExcel (cash_flow) handles null/missing fields gracefully","invocations":1,"location":null,"numPassingAsserts":2,"retryReasons":[],"startAt":1779773269296,"status":"passed","title":"handles null/missing fields gracefully"},{"ancestorTitles":["exportAccountingReportToExcel (cash_flow)"],"duration":7,"failing":false,"failureDetails":[],"failureMessages":[],"fullName":"exportAccountingReportToExcel (cash_flow) includes verification warning row when diff > 1","invocations":1,"location":null,"numPassingAsserts":2,"retryReasons":[],"startAt":1779773269303,"status":"passed","title":"includes verification warning row when diff > 1"}],"endTime":1779773269311,"message":"","name":"D:\\Antigravity\\Projects\\BELLA SPA ERP\\src\\__tests__\\cash-flow.test.ts","startTime":1779773268554,"status":"passed","summary":""},{"assertionResults":[{"ancestorTitles":["E2E Negative Business Pipeline Suite"],"duration":13,"failing":false,"failureDetails":[],"failureMessages":[],"fullName":"E2E Negative Business Pipeline Suite Lỗi Xuyên Suốt Luồng 1: Hủy booking giữa chừng, KTV không thể ấn hoàn thành dịch vụ","invocations":1,"location":null,"numPassingAsserts":2,"retryReasons":[],"startAt":1779773269313,"status":"passed","title":"Lỗi Xuyên Suốt Luồng 1: Hủy booking giữa chừng, KTV không thể ấn hoàn thành dịch vụ"},{"ancestorTitles":["E2E Negative Business Pipeline Suite"],"duration":39,"failing":false,"failureDetails":[],"failureMessages":[],"fullName":"E2E Negative Business Pipeline Suite Lỗi Xuyên Suốt Luồng 2: Thanh toán vượt quá số tiền của gói (Overpayment)","invocations":1,"location":null,"numPassingAsserts":3,"retryReasons":[],"startAt":1779773269327,"status":"passed","title":"Lỗi Xuyên Suốt Luồng 2: Thanh toán vượt quá số tiền của gói (Overpayment)"},{"ancestorTitles":["E2E Negative Business Pipeline Suite"],"duration":3,"failing":false,"failureDetails":[],"failureMessages":[],"fullName":"E2E Negative Business Pipeline Suite Lỗi Xuyên Suốt Luồng 3: Kho hết nguyên liệu nhưng KTV vẫn cố tình hoàn thành dịch vụ","invocations":1,"location":null,"numPassingAsserts":2,"retryReasons":[],"startAt":1779773269366,"status":"passed","title":"Lỗi Xuyên Suốt Luồng 3: Kho hết nguyên liệu nhưng KTV vẫn cố tình hoàn thành dịch vụ"},{"ancestorTitles":["E2E Negative Business Pipeline Suite"],"duration":1,"failing":false,"failureDetails":[],"failureMessages":[],"fullName":"E2E Negative Business Pipeline Suite Lỗi Xuyên Suốt Luồng 5: Thay đổi lương cứng trái phép (Salary Tampering)","invocations":1,"location":null,"numPassingAsserts":2,"retryReasons":[],"startAt":1779773269370,"status":"passed","title":"Lỗi Xuyên Suốt Luồng 5: Thay đổi lương cứng trái phép (Salary Tampering)"},{"ancestorTitles":["E2E Negative Business Pipeline Suite"],"duration":2,"failing":false,"failureDetails":[],"failureMessages":[],"fullName":"E2E Negative Business Pipeline Suite Lỗi Xuyên Suốt Luồng 4: Kỳ kế toán đã chốt sổ (Locked Month), kế toán cố tình sửa doanh thu","invocations":1,"location":null,"numPassingAsserts":2,"retryReasons":[],"startAt":1779773269371,"status":"passed","title":"Lỗi Xuyên Suốt Luồng 4: Kỳ kế toán đã chốt sổ (Locked Month), kế toán cố tình sửa doanh thu"},{"ancestorTitles":["E2E Negative Business Pipeline Suite"],"duration":0,"failing":false,"failureDetails":[],"failureMessages":[],"fullName":"E2E Negative Business Pipeline Suite Lỗi Xuyên Suốt Luồng 5: Sửa tay dữ liệu lương KTV (Audit chặn)","invocations":1,"location":null,"numPassingAsserts":2,"retryReasons":[],"startAt":1779773269373,"status":"passed","title":"Lỗi Xuyên Suốt Luồng 5: Sửa tay dữ liệu lương KTV (Audit chặn)"}],"endTime":1779773269374,"message":"","name":"D:\\Antigravity\\Projects\\BELLA SPA ERP\\src\\__tests__\\e2e-negative-pipeline.test.ts","startTime":1779773269089,"status":"passed","summary":""},{"assertionResults":[{"ancestorTitles":["calcProRataBaseSalary"],"duration":2,"failing":false,"failureDetails":[],"failureMessages":[],"fullName":"calcProRataBaseSalary should calculate pro-rata salary correctly for a resignation mid-month (31 days)","invocations":1,"location":null,"numPassingAsserts":1,"retryReasons":[],"startAt":1779773269460,"status":"passed","title":"should calculate pro-rata salary correctly for a resignation mid-month (31 days)"},{"ancestorTitles":["calcProRataBaseSalary"],"duration":1,"failing":false,"failureDetails":[],"failureMessages":[],"fullName":"calcProRataBaseSalary should calculate full salary if resignation is at the end of the month (28 days in Feb)","invocations":1,"location":null,"numPassingAsserts":1,"retryReasons":[],"startAt":1779773269462,"status":"passed","title":"should calculate full salary if resignation is at the end of the month (28 days in Feb)"},{"ancestorTitles":["calcProRataBaseSalary"],"duration":0,"failing":false,"failureDetails":[],"failureMessages":[],"fullName":"calcProRataBaseSalary should return 0 if resignation date is before the start of the month","invocations":1,"location":null,"numPassingAsserts":1,"retryReasons":[],"startAt":1779773269463,"status":"passed","title":"should return 0 if resignation date is before the start of the month"}],"endTime":1779773269464,"message":"","name":"D:\\Antigravity\\Projects\\BELLA SPA ERP\\src\\__tests__\\salary.test.ts","startTime":1779773268913,"status":"passed","summary":""},{"assertionResults":[{"ancestorTitles":["Dual-Mode Accounting Configuration"],"duration":1,"failing":false,"failureDetails":[],"failureMessages":[],"fullName":"Dual-Mode Accounting Configuration returns SIMPLE by default if accounting_mode is not defined","invocations":1,"location":null,"numPassingAsserts":1,"retryReasons":[],"startAt":1779773269783,"status":"passed","title":"returns SIMPLE by default if accounting_mode is not defined"},{"ancestorTitles":["Dual-Mode Accounting Configuration"],"duration":1,"failing":false,"failureDetails":[],"failureMessages":[],"fullName":"Dual-Mode Accounting Configuration updates accounting_mode successfully for admin user","invocations":1,"location":null,"numPassingAsserts":1,"retryReasons":[],"startAt":1779773269784,"status":"passed","title":"updates accounting_mode successfully for admin user"},{"ancestorTitles":["Dual-Mode Accounting Configuration"],"duration":17,"failing":false,"failureDetails":[],"failureMessages":[],"fullName":"Dual-Mode Accounting Configuration blocks non-admin users from changing accounting mode","invocations":1,"location":null,"numPassingAsserts":1,"retryReasons":[],"startAt":1779773269785,"status":"passed","title":"blocks non-admin users from changing accounting mode"},{"ancestorTitles":["Legacy Syncing Engine"],"duration":2,"failing":false,"failureDetails":[],"failureMessages":[],"fullName":"Legacy Syncing Engine syncs legacy data to ledger idempotent-safely and upgrades tenant to PROFESSIONAL","invocations":1,"location":null,"numPassingAsserts":3,"retryReasons":[],"startAt":1779773269802,"status":"passed","title":"syncs legacy data to ledger idempotent-safely and upgrades tenant to PROFESSIONAL"},{"ancestorTitles":["Application Layer protection"],"duration":10,"failing":false,"failureDetails":[],"failureMessages":[],"fullName":"Application Layer protection blocks manually recordTransaction if mode is PROFESSIONAL","invocations":1,"location":null,"numPassingAsserts":1,"retryReasons":[],"startAt":1779773269804,"status":"passed","title":"blocks manually recordTransaction if mode is PROFESSIONAL"},{"ancestorTitles":["Application Layer protection"],"duration":2,"failing":false,"failureDetails":[],"failureMessages":[],"fullName":"Application Layer protection blocks manually confirmTransaction if mode is PROFESSIONAL","invocations":1,"location":null,"numPassingAsserts":1,"retryReasons":[],"startAt":1779773269814,"status":"passed","title":"blocks manually confirmTransaction if mode is PROFESSIONAL"}],"endTime":1779773269816,"message":"","name":"D:\\Antigravity\\Projects\\BELLA SPA ERP\\src\\__tests__\\dual-mode-accounting.test.ts","startTime":1779773268572,"status":"passed","summary":""},{"assertionResults":[{"ancestorTitles":["getMonthlyPnL"],"duration":3,"failing":false,"failureDetails":[],"failureMessages":[],"fullName":"getMonthlyPnL should calculate P&L correctly based on confirmed revenues and expenses","invocations":1,"location":null,"numPassingAsserts":6,"retryReasons":[],"startAt":1779773270018,"status":"passed","title":"should calculate P&L correctly based on confirmed revenues and expenses"}],"endTime":1779773270021,"message":"","name":"D:\\Antigravity\\Projects\\BELLA SPA ERP\\src\\__tests__\\finance.test.ts","startTime":1779773268897,"status":"passed","summary":""}],"wasInterrupted":false}
